This is pdfTeX, Version 3.14159265-2.6-1.40.21 (TeX Live 2020) (preloaded format=pdflatex 2020.10.30)  25 JAN 2022 18:27
entering extended mode
 \write18 enabled.
 %&-line parsing enabled.
**main.tex
(./main.tex
LaTeX2e <2020-02-02> patch level 5
L3 programming layer <2020-03-06>
(/usr/local/texlive/2020/texmf-dist/tex/latex/base/article.cls
Document Class: article 2019/12/20 v1.4l Standard LaTeX document class
(/usr/local/texlive/2020/texmf-dist/tex/latex/base/size12.clo
File: size12.clo 2019/12/20 v1.4l Standard LaTeX file (size option)
)
\c@part=\count167
\c@section=\count168
\c@subsection=\count169
\c@subsubsection=\count170
\c@paragraph=\count171
\c@subparagraph=\count172
\c@figure=\count173
\c@table=\count174
\abovecaptionskip=\skip47
\belowcaptionskip=\skip48
\bibindent=\dimen134
)
(/usr/local/texlive/2020/texmf-dist/tex/latex/base/inputenc.sty
Package: inputenc 2018/08/11 v1.3c Input encoding file
\inpenc@prehook=\toks15
\inpenc@posthook=\toks16

(/usr/local/texlive/2020/texmf-dist/tex/latex/base/latin1.def
File: latin1.def 2018/08/11 v1.3c Input encoding file
))
(/usr/local/texlive/2020/texmf-dist/tex/latex/preprint/authblk.sty
Package: authblk 2001/02/27 1.3 (PWD)
\affilsep=\skip49
\@affilsep=\skip50
\c@Maxaffil=\count175
\c@authors=\count176
\c@affil=\count177
)
(/usr/local/texlive/2020/texmf-dist/tex/latex/amsmath/amsmath.sty
Package: amsmath 2020/01/20 v2.17e AMS math features
\@mathmargin=\skip51

For additional information on amsmath, use the `?' option.
(/usr/local/texlive/2020/texmf-dist/tex/latex/amsmath/amstext.sty
Package: amstext 2000/06/29 v2.01 AMS text

(/usr/local/texlive/2020/texmf-dist/tex/latex/amsmath/amsgen.sty
File: amsgen.sty 1999/11/30 v2.0 generic functions
\@emptytoks=\toks17
\ex@=\dimen135
))
(/usr/local/texlive/2020/texmf-dist/tex/latex/amsmath/amsbsy.sty
Package: amsbsy 1999/11/29 v1.2d Bold Symbols
\pmbraise@=\dimen136
)
(/usr/local/texlive/2020/texmf-dist/tex/latex/amsmath/amsopn.sty
Package: amsopn 2016/03/08 v2.02 operator names
)
\inf@bad=\count178
LaTeX Info: Redefining \frac on input line 227.
\uproot@=\count179
\leftroot@=\count180
LaTeX Info: Redefining \overline on input line 389.
\classnum@=\count181
\DOTSCASE@=\count182
LaTeX Info: Redefining \ldots on input line 486.
LaTeX Info: Redefining \dots on input line 489.
LaTeX Info: Redefining \cdots on input line 610.
\Mathstrutbox@=\box45
\strutbox@=\box46
\big@size=\dimen137
LaTeX Font Info:    Redeclaring font encoding OML on input line 733.
LaTeX Font Info:    Redeclaring font encoding OMS on input line 734.
\macc@depth=\count183
\c@MaxMatrixCols=\count184
\dotsspace@=\muskip16
\c@parentequation=\count185
\dspbrk@lvl=\count186
\tag@help=\toks18
\row@=\count187
\column@=\count188
\maxfields@=\count189
\andhelp@=\toks19
\eqnshift@=\dimen138
\alignsep@=\dimen139
\tagshift@=\dimen140
\tagwidth@=\dimen141
\totwidth@=\dimen142
\lineht@=\dimen143
\@envbody=\toks20
\multlinegap=\skip52
\multlinetaggap=\skip53
\mathdisplay@stack=\toks21
LaTeX Info: Redefining \[ on input line 2859.
LaTeX Info: Redefining \] on input line 2860.
)
(/usr/local/texlive/2020/texmf-dist/tex/latex/amsfonts/amsfonts.sty
Package: amsfonts 2013/01/14 v3.01 Basic AMSFonts support
\symAMSa=\mathgroup4
\symAMSb=\mathgroup5
LaTeX Font Info:    Redeclaring math symbol \hbar on input line 98.
LaTeX Font Info:    Overwriting math alphabet `\mathfrak' in version `bold'
(Font)                  U/euf/m/n --> U/euf/b/n on input line 106.
)
(/usr/local/texlive/2020/texmf-dist/tex/latex/amsfonts/amssymb.sty
Package: amssymb 2013/01/14 v3.01 AMS font symbols
)
(/usr/local/texlive/2020/texmf-dist/tex/latex/tools/bm.sty
Package: bm 2019/07/24 v1.2d Bold Symbol Support (DPC/FMi)
\symboldoperators=\mathgroup6
\symboldletters=\mathgroup7
\symboldsymbols=\mathgroup8
LaTeX Font Info:    Redeclaring math alphabet \mathbf on input line 141.
LaTeX Info: Redefining \bm on input line 209.
)
(/usr/local/texlive/2020/texmf-dist/tex/latex/bbm-macros/bbm.sty
Package: bbm 1999/03/15 V 1.2 provides fonts for set symbols - TH
LaTeX Font Info:    Overwriting math alphabet `\mathbbm' in version `bold'
(Font)                  U/bbm/m/n --> U/bbm/bx/n on input line 33.
LaTeX Font Info:    Overwriting math alphabet `\mathbbmss' in version `bold'
(Font)                  U/bbmss/m/n --> U/bbmss/bx/n on input line 35.
)
(/usr/local/texlive/2020/texmf-dist/tex/latex/psnfss/pifont.sty
Package: pifont 2005/04/12 PSNFSS-v9.2a Pi font support (SPQR) 
LaTeX Font Info:    Trying to load font information for U+pzd on input line 63.


(/usr/local/texlive/2020/texmf-dist/tex/latex/psnfss/upzd.fd
File: upzd.fd 2001/06/04 font definitions for U/pzd.
)
LaTeX Font Info:    Trying to load font information for U+psy on input line 64.


(/usr/local/texlive/2020/texmf-dist/tex/latex/psnfss/upsy.fd
File: upsy.fd 2001/06/04 font definitions for U/psy.
))
(/usr/local/texlive/2020/texmf-dist/tex/latex/graphics/graphicx.sty
Package: graphicx 2019/11/30 v1.2a Enhanced LaTeX Graphics (DPC,SPQR)

(/usr/local/texlive/2020/texmf-dist/tex/latex/graphics/keyval.sty
Package: keyval 2014/10/28 v1.15 key=value parser (DPC)
\KV@toks@=\toks22
)
(/usr/local/texlive/2020/texmf-dist/tex/latex/graphics/graphics.sty
Package: graphics 2019/11/30 v1.4a Standard LaTeX Graphics (DPC,SPQR)

(/usr/local/texlive/2020/texmf-dist/tex/latex/graphics/trig.sty
Package: trig 2016/01/03 v1.10 sin cos tan (DPC)
)
(/usr/local/texlive/2020/texmf-dist/tex/latex/graphics-cfg/graphics.cfg
File: graphics.cfg 2016/06/04 v1.11 sample graphics configuration
)
Package graphics Info: Driver file: pdftex.def on input line 105.

(/usr/local/texlive/2020/texmf-dist/tex/latex/graphics-def/pdftex.def
File: pdftex.def 2018/01/08 v1.0l Graphics/color driver for pdftex
))
\Gin@req@height=\dimen144
\Gin@req@width=\dimen145
)
(/usr/local/texlive/2020/texmf-dist/tex/latex/hyperref/hyperref.sty
Package: hyperref 2020/01/14 v7.00d Hypertext links for LaTeX

(/usr/local/texlive/2020/texmf-dist/tex/generic/ltxcmds/ltxcmds.sty
Package: ltxcmds 2019/12/15 v1.24 LaTeX kernel commands for general use (HO)
)
(/usr/local/texlive/2020/texmf-dist/tex/generic/iftex/iftex.sty
Package: iftex 2020/03/06 v1.0d TeX engine tests
)
(/usr/local/texlive/2020/texmf-dist/tex/latex/pdftexcmds/pdftexcmds.sty
Package: pdftexcmds 2019/11/24 v0.31 Utility functions of pdfTeX for LuaTeX (HO
)

(/usr/local/texlive/2020/texmf-dist/tex/generic/infwarerr/infwarerr.sty
Package: infwarerr 2019/12/03 v1.5 Providing info/warning/error messages (HO)
)
Package pdftexcmds Info: \pdf@primitive is available.
Package pdftexcmds Info: \pdf@ifprimitive is available.
Package pdftexcmds Info: \pdfdraftmode found.
)
(/usr/local/texlive/2020/texmf-dist/tex/generic/kvsetkeys/kvsetkeys.sty
Package: kvsetkeys 2019/12/15 v1.18 Key value parser (HO)
)
(/usr/local/texlive/2020/texmf-dist/tex/generic/kvdefinekeys/kvdefinekeys.sty
Package: kvdefinekeys 2019-12-19 v1.6 Define keys (HO)
)
(/usr/local/texlive/2020/texmf-dist/tex/generic/pdfescape/pdfescape.sty
Package: pdfescape 2019/12/09 v1.15 Implements pdfTeX's escape features (HO)
)
(/usr/local/texlive/2020/texmf-dist/tex/latex/hycolor/hycolor.sty
Package: hycolor 2020-01-27 v1.10 Color options for hyperref/bookmark (HO)
)
(/usr/local/texlive/2020/texmf-dist/tex/latex/letltxmacro/letltxmacro.sty
Package: letltxmacro 2019/12/03 v1.6 Let assignment for LaTeX macros (HO)
)
(/usr/local/texlive/2020/texmf-dist/tex/latex/auxhook/auxhook.sty
Package: auxhook 2019-12-17 v1.6 Hooks for auxiliary files (HO)
)
(/usr/local/texlive/2020/texmf-dist/tex/latex/kvoptions/kvoptions.sty
Package: kvoptions 2019/11/29 v3.13 Key value format for package options (HO)
)
\@linkdim=\dimen146
\Hy@linkcounter=\count190
\Hy@pagecounter=\count191

(/usr/local/texlive/2020/texmf-dist/tex/latex/hyperref/pd1enc.def
File: pd1enc.def 2020/01/14 v7.00d Hyperref: PDFDocEncoding definition (HO)
Now handling font encoding PD1 ...
... no UTF-8 mapping file for font encoding PD1
)
(/usr/local/texlive/2020/texmf-dist/tex/generic/intcalc/intcalc.sty
Package: intcalc 2019/12/15 v1.3 Expandable calculations with integers (HO)
)
(/usr/local/texlive/2020/texmf-dist/tex/generic/etexcmds/etexcmds.sty
Package: etexcmds 2019/12/15 v1.7 Avoid name clashes with e-TeX commands (HO)
)
\Hy@SavedSpaceFactor=\count192
Package hyperref Info: Option `ocgcolorlinks' set `true' on input line 4421.
Package hyperref Info: Hyper figures OFF on input line 4547.
Package hyperref Info: Link nesting OFF on input line 4552.
Package hyperref Info: Hyper index ON on input line 4555.
Package hyperref Info: Plain pages OFF on input line 4562.
Package hyperref Info: Backreferencing OFF on input line 4567.
Package hyperref Info: Implicit mode ON; LaTeX internals redefined.
Package hyperref Info: Bookmarks ON on input line 4800.
\c@Hy@tempcnt=\count193

(/usr/local/texlive/2020/texmf-dist/tex/latex/url/url.sty
\Urlmuskip=\muskip17
Package: url 2013/09/16  ver 3.4  Verb mode for urls, etc.
)
LaTeX Info: Redefining \url on input line 5159.
\XeTeXLinkMargin=\dimen147

(/usr/local/texlive/2020/texmf-dist/tex/generic/bitset/bitset.sty
Package: bitset 2019/12/09 v1.3 Handle bit-vector datatype (HO)

(/usr/local/texlive/2020/texmf-dist/tex/generic/bigintcalc/bigintcalc.sty
Package: bigintcalc 2019/12/15 v1.5 Expandable calculations on big integers (HO
)
))
\Fld@menulength=\count194
\Field@Width=\dimen148
\Fld@charsize=\dimen149
Package hyperref Info: Hyper figures OFF on input line 6430.
Package hyperref Info: Link nesting OFF on input line 6435.
Package hyperref Info: Hyper index ON on input line 6438.
Package hyperref Info: backreferencing OFF on input line 6445.
Package hyperref Info: Link coloring OFF on input line 6450.
Package hyperref Info: Link coloring with OCG ON on input line 6453.
Package hyperref Info: PDF/A mode OFF on input line 6460.
LaTeX Info: Redefining \ref on input line 6500.
LaTeX Info: Redefining \pageref on input line 6504.

(/usr/local/texlive/2020/texmf-dist/tex/generic/atbegshi/atbegshi.sty
Package: atbegshi 2019/12/05 v1.19 At begin shipout hook (HO)
)
\Hy@abspage=\count195
\c@Item=\count196
\c@Hfootnote=\count197
)
Package hyperref Info: Driver (autodetected): hpdftex.

(/usr/local/texlive/2020/texmf-dist/tex/latex/hyperref/hpdftex.def
File: hpdftex.def 2020/01/14 v7.00d Hyperref driver for pdfTeX

(/usr/local/texlive/2020/texmf-dist/tex/latex/atveryend/atveryend.sty
Package: atveryend 2019-12-11 v1.11 Hooks at the very end of document (HO)
Package atveryend Info: \enddocument detected (standard20110627).
)
\Fld@listcount=\count198
\c@bookmark@seq@number=\count199

(/usr/local/texlive/2020/texmf-dist/tex/latex/rerunfilecheck/rerunfilecheck.sty
Package: rerunfilecheck 2019/12/05 v1.9 Rerun checks for auxiliary files (HO)

(/usr/local/texlive/2020/texmf-dist/tex/generic/uniquecounter/uniquecounter.sty
Package: uniquecounter 2019/12/15 v1.4 Provide unlimited unique counter (HO)
)
Package uniquecounter Info: New unique counter `rerunfilecheck' on input line 2
86.
)
\Hy@SectionHShift=\skip54
) (/usr/local/texlive/2020/texmf-dist/tex/latex/titlesec/titlesec.sty
Package: titlesec 2019/10/16 v2.13 Sectioning titles
\ttl@box=\box47
\beforetitleunit=\skip55
\aftertitleunit=\skip56
\ttl@plus=\dimen150
\ttl@minus=\dimen151
\ttl@toksa=\toks23
\titlewidth=\dimen152
\titlewidthlast=\dimen153
\titlewidthfirst=\dimen154
)
(/usr/local/texlive/2020/texmf-dist/tex/latex/xcolor/xcolor.sty
Package: xcolor 2016/05/11 v2.12 LaTeX color extensions (UK)

(/usr/local/texlive/2020/texmf-dist/tex/latex/graphics-cfg/color.cfg
File: color.cfg 2016/01/02 v1.6 sample color configuration
)
Package xcolor Info: Driver file: pdftex.def on input line 225.

(/usr/local/texlive/2020/texmf-dist/tex/latex/colortbl/colortbl.sty
Package: colortbl 2020/01/04 v1.0e Color table columns (DPC)

(/usr/local/texlive/2020/texmf-dist/tex/latex/tools/array.sty
Package: array 2019/08/31 v2.4l Tabular extension package (FMi)
\col@sep=\dimen155
\ar@mcellbox=\box48
\extrarowheight=\dimen156
\NC@list=\toks24
\extratabsurround=\skip57
\backup@length=\skip58
\ar@cellbox=\box49
)
\everycr=\toks25
\minrowclearance=\skip59
)
\rownum=\count266
Package xcolor Info: Model `cmy' substituted by `cmy0' on input line 1348.
Package xcolor Info: Model `hsb' substituted by `rgb' on input line 1352.
Package xcolor Info: Model `RGB' extended on input line 1364.
Package xcolor Info: Model `HTML' substituted by `rgb' on input line 1366.
Package xcolor Info: Model `Hsb' substituted by `hsb' on input line 1367.
Package xcolor Info: Model `tHsb' substituted by `hsb' on input line 1368.
Package xcolor Info: Model `HSB' substituted by `hsb' on input line 1369.
Package xcolor Info: Model `Gray' substituted by `gray' on input line 1370.
Package xcolor Info: Model `wave' substituted by `hsb' on input line 1371.
)
(/usr/local/texlive/2020/texmf-dist/tex/latex/multirow/multirow.sty
Package: multirow 2019/05/31 v2.5 Span multiple rows of a table
\multirow@colwidth=\skip60
\multirow@cntb=\count267
\multirow@dima=\skip61
\bigstrutjot=\dimen157
)
(/usr/local/texlive/2020/texmf-dist/tex/latex/booktabs/booktabs.sty
Package: booktabs 2020/01/12 v1.61803398 Publication quality tables
\heavyrulewidth=\dimen158
\lightrulewidth=\dimen159
\cmidrulewidth=\dimen160
\belowrulesep=\dimen161
\belowbottomsep=\dimen162
\aboverulesep=\dimen163
\abovetopsep=\dimen164
\cmidrulesep=\dimen165
\cmidrulekern=\dimen166
\defaultaddspace=\dimen167
\@cmidla=\count268
\@cmidlb=\count269
\@aboverulesep=\dimen168
\@belowrulesep=\dimen169
\@thisruleclass=\count270
\@lastruleclass=\count271
\@thisrulewidth=\dimen170
)
(/usr/local/texlive/2020/texmf-dist/tex/latex/vwcol/vwcol.sty
Package: vwcol 2015/02/10 v0.2 Variable-width multicolumn text

(/usr/local/texlive/2020/texmf-dist/tex/latex/tools/calc.sty
Package: calc 2017/05/25 v4.3 Infix arithmetic (KKT,FJ)
\calc@Acount=\count272
\calc@Bcount=\count273
\calc@Adimen=\dimen171
\calc@Bdimen=\dimen172
\calc@Askip=\skip62
\calc@Bskip=\skip63
LaTeX Info: Redefining \setlength on input line 80.
LaTeX Info: Redefining \addtolength on input line 81.
\calc@Ccount=\count274
\calc@Cskip=\skip64
)
(/usr/local/texlive/2020/texmf-dist/tex/latex/environ/environ.sty
Package: environ 2014/05/04 v0.3 A new way to define environments

(/usr/local/texlive/2020/texmf-dist/tex/latex/trimspaces/trimspaces.sty
Package: trimspaces 2009/09/17 v1.1 Trim spaces around a token list
))
(/usr/local/texlive/2020/texmf-dist/tex/latex/ragged2e/ragged2e.sty
Package: ragged2e 2019/07/28 v2.2 ragged2e Package (MS)

(/usr/local/texlive/2020/texmf-dist/tex/latex/ms/everysel.sty
Package: everysel 2011/10/28 v1.2 EverySelectfont Package (MS)
)
\CenteringLeftskip=\skip65
\RaggedLeftLeftskip=\skip66
\RaggedRightLeftskip=\skip67
\CenteringRightskip=\skip68
\RaggedLeftRightskip=\skip69
\RaggedRightRightskip=\skip70
\CenteringParfillskip=\skip71
\RaggedLeftParfillskip=\skip72
\RaggedRightParfillskip=\skip73
\JustifyingParfillskip=\skip74
\CenteringParindent=\skip75
\RaggedLeftParindent=\skip76
\RaggedRightParindent=\skip77
\JustifyingParindent=\skip78
)
\vwcol@sep=\skip79
\vwcol@rule=\skip80
\vwcol@totalwidth=\skip81
\vwcol@averagewidth=\skip82
\vwcol@parindent=\skip83
\vwcol@last=\count275
\vwcol@Ncols=\count276
\vwcol@Nlines=\count277
\vwcol@maxrecursion=\count278
\vwcol@box=\box50
\vwcol@plainbox=\box51
\vwcol@outputbox=\box52
)
(/usr/local/texlive/2020/texmf-dist/tex/latex/caption/caption.sty
Package: caption 2020/01/03 v3.4h Customizing captions (AR)

(/usr/local/texlive/2020/texmf-dist/tex/latex/caption/caption3.sty
Package: caption3 2020/01/03 v1.8h caption3 kernel (AR)
Package caption3 Info: TeX engine: e-TeX on input line 61.
\captionmargin=\dimen173
\captionmargin@=\dimen174
\captionwidth=\dimen175
\caption@tempdima=\dimen176
\caption@indent=\dimen177
\caption@parindent=\dimen178
\caption@hangindent=\dimen179
Package caption Info: Standard document class detected.
)
\c@caption@flags=\count279
\c@continuedfloat=\count280
Package caption Info: hyperref package is loaded.
)
(/usr/local/texlive/2020/texmf-dist/tex/latex/caption/subcaption.sty
Package: subcaption 2020/01/22 v1.3d Sub-captions (AR)
\c@subfigure=\count281
\c@subtable=\count282
)
(/usr/local/texlive/2020/texmf-dist/tex/latex/algorithm2e/algorithm2e.sty
Package: algorithm2e 2017/07/18 v5.2 algorithms environments
\c@AlgoLine=\count283

(/usr/local/texlive/2020/texmf-dist/tex/latex/base/ifthen.sty
Package: ifthen 2014/09/29 v1.1c Standard LaTeX ifthen package (DPC)
)
\algocf@hangindent=\skip84

(/usr/local/texlive/2020/texmf-dist/tex/latex/ifoddpage/ifoddpage.sty
Package: ifoddpage 2016/04/23 v1.1 Conditionals for odd/even page detection
\c@checkoddpage=\count284
)
(/usr/local/texlive/2020/texmf-dist/tex/latex/tools/xspace.sty
Package: xspace 2014/10/28 v1.13 Space after command names (DPC,MH)
)
(/usr/local/texlive/2020/texmf-dist/tex/latex/relsize/relsize.sty
Package: relsize 2013/03/29 ver 4.1
)
\skiptotal=\skip85
\skiplinenumber=\skip86
\skiprule=\skip87
\skiphlne=\skip88
\skiptext=\skip89
\skiplength=\skip90
\algomargin=\skip91
\skipalgocfslide=\skip92
\algowidth=\dimen180
\inoutsize=\dimen181
\inoutindent=\dimen182
\interspacetitleruled=\dimen183
\interspacealgoruled=\dimen184
\interspacetitleboxruled=\dimen185
\algocf@ruledwidth=\skip93
\algocf@inoutbox=\box53
\algocf@inputbox=\box54
\AlCapSkip=\skip94
\AlCapHSkip=\skip95
\algoskipindent=\skip96
\algocf@nlbox=\box55
\algocf@hangingbox=\box56
\algocf@untilbox=\box57
\algocf@skipuntil=\skip97
\algocf@capbox=\box58
\algocf@lcaptionbox=\skip98
\algoheightruledefault=\skip99
\algoheightrule=\skip100
\algotitleheightruledefault=\skip101
\algotitleheightrule=\skip102
\c@algocfline=\count285
\c@algocfproc=\count286
\c@algocf=\count287
\algocf@algoframe=\box59
\algocf@algobox=\box60
)
(/usr/local/texlive/2020/texmf-dist/tex/latex/minted/minted.sty
Package: minted 2017/07/19 v2.5 Yet another Pygments shim for LaTeX

(/usr/local/texlive/2020/texmf-dist/tex/latex/fvextra/fvextra.sty
Package: fvextra 2019/02/04 v1.4 fvextra - extensions and patches for fancyvrb

(/usr/local/texlive/2020/texmf-dist/tex/latex/etoolbox/etoolbox.sty
Package: etoolbox 2019/09/21 v2.5h e-TeX tools for LaTeX (JAW)
\etb@tempcnta=\count288
)
(/usr/local/texlive/2020/texmf-dist/tex/latex/fancyvrb/fancyvrb.sty
Package: fancyvrb 2020/01/13 v3.5 verbatim text (tvz,hv)
\FV@CodeLineNo=\count289
\FV@InFile=\read2
\FV@TabBox=\box61
\c@FancyVerbLine=\count290
\FV@StepNumber=\count291
\FV@OutFile=\write3
)
(/usr/local/texlive/2020/texmf-dist/tex/latex/upquote/upquote.sty
Package: upquote 2012/04/19 v1.3 upright-quote and grave-accent glyphs in verba
tim
)
(/usr/local/texlive/2020/texmf-dist/tex/latex/lineno/lineno.sty
Package: lineno 2005/11/02 line numbers on paragraphs v4.41
\linenopenalty=\count292
\output=\toks26
\linenoprevgraf=\count293
\linenumbersep=\dimen186
\linenumberwidth=\dimen187
\c@linenumber=\count294
\c@pagewiselinenumber=\count295
\c@LN@truepage=\count296
\c@internallinenumber=\count297
\c@internallinenumbers=\count298
\quotelinenumbersep=\dimen188
\bframerule=\dimen189
\bframesep=\dimen190
\bframebox=\box62
LaTeX Info: Redefining \\ on input line 3056.
)
\c@FV@TrueTabGroupLevel=\count299
\c@FV@TrueTabCounter=\count300
\FV@TabBox@Group=\box63
\FV@TmpLength=\skip103
\c@FV@HighlightLinesStart=\count301
\c@FV@HighlightLinesStop=\count302
\FV@LoopCount=\count303
\FV@NCharsBox=\box64
\FV@BreakIndent=\dimen191
\FV@BreakIndentNChars=\count304
\FV@BreakSymbolSepLeft=\dimen192
\FV@BreakSymbolSepLeftNChars=\count305
\FV@BreakSymbolSepRight=\dimen193
\FV@BreakSymbolSepRightNChars=\count306
\FV@BreakSymbolIndentLeft=\dimen194
\FV@BreakSymbolIndentLeftNChars=\count307
\FV@BreakSymbolIndentRight=\dimen195
\FV@BreakSymbolIndentRightNChars=\count308
\c@FancyVerbLineBreakLast=\count309
\FV@LineBox=\box65
\FV@LineIndentBox=\box66
\FV@LineWidth=\dimen196
)
(/usr/local/texlive/2020/texmf-dist/tex/latex/tools/shellesc.sty
Package: shellesc 2019/11/08 v1.0c unified shell escape interface for LaTeX
Package shellesc Info: Unrestricted shell escape enabled on input line 75.
)
(/usr/local/texlive/2020/texmf-dist/tex/latex/ifplatform/ifplatform.sty
Package: ifplatform 2017/10/13 v0.4a Testing for the operating system

(/usr/local/texlive/2020/texmf-dist/tex/generic/catchfile/catchfile.sty
Package: catchfile 2019/12/09 v1.8 Catch the contents of a file (HO)
)
(/usr/local/texlive/2020/texmf-dist/tex/generic/iftex/ifluatex.sty
Package: ifluatex 2019/10/25 v1.5 ifluatex legacy package. Use iftex instead.
)
runsystem(uname -s > "main.w18")...executed.

 (./main.w18)
runsystem(rm -- "main.w18")...executed.

) (/usr/local/texlive/2020/texmf-dist/tex/generic/xstring/xstring.sty
(/usr/local/texlive/2020/texmf-dist/tex/generic/xstring/xstring.tex
\integerpart=\count310
\decimalpart=\count311
)
Package: xstring 2019/02/06 v1.83 String manipulations (CT)
)
(/usr/local/texlive/2020/texmf-dist/tex/latex/framed/framed.sty
Package: framed 2011/10/22 v 0.96: framed or shaded text with page breaks
\OuterFrameSep=\skip104
\fb@frw=\dimen197
\fb@frh=\dimen198
\FrameRule=\dimen199
\FrameSep=\dimen256
)
(/usr/local/texlive/2020/texmf-dist/tex/latex/float/float.sty
Package: float 2001/11/08 v1.3d Float enhancements (AL)
\c@float@type=\count312
\float@exts=\toks27
\float@box=\box67
\@float@everytoks=\toks28
\@floatcapt=\box68
)
\minted@appexistsfile=\read3
\minted@bgbox=\box69
\minted@code=\write4
\c@minted@FancyVerbLineTemp=\count313
\c@minted@pygmentizecounter=\count314
\@float@every@listing=\toks29
\c@listing=\count315
)
runsystem(mkdir -p _minted-main)...executed.


(/usr/local/texlive/2020/texmf-dist/tex/latex/appendix/appendix.sty
Package: appendix 2020/02/08 v1.2c extra appendix facilities
\c@@pps=\count316
\c@@ppsavesec=\count317
\c@@ppsaveapp=\count318
)
(/usr/local/texlive/2020/texmf-dist/tex/latex/natbib/natbib.sty
Package: natbib 2010/09/13 8.31b (PWD, AO)
\bibhang=\skip105
\bibsep=\skip106
LaTeX Info: Redefining \cite on input line 694.
\c@NAT@ctr=\count319
)
(/usr/local/texlive/2020/texmf-dist/tex/latex/tools/multicol.sty
Package: multicol 2019/12/09 v1.8y multicolumn formatting (FMi)
\c@tracingmulticols=\count320
\mult@box=\box70
\multicol@leftmargin=\dimen257
\c@unbalance=\count321
\c@collectmore=\count322
\doublecol@number=\count323
\multicoltolerance=\count324
\multicolpretolerance=\count325
\full@width=\dimen258
\page@free=\dimen259
\premulticols=\dimen260
\postmulticols=\dimen261
\multicolsep=\skip107
\multicolbaselineskip=\skip108
\partial@page=\box71
\last@line=\box72
\maxbalancingoverflow=\dimen262
\mult@rightbox=\box73
\mult@grightbox=\box74
\mult@gfirstbox=\box75
\mult@firstbox=\box76
\@tempa=\box77
\@tempa=\box78
\@tempa=\box79
\@tempa=\box80
\@tempa=\box81
\@tempa=\box82
\@tempa=\box83
\@tempa=\box84
\@tempa=\box85
\@tempa=\box86
\@tempa=\box87
\@tempa=\box88
\@tempa=\box89
\@tempa=\box90
\@tempa=\box91
\@tempa=\box92
\@tempa=\box93
\@tempa=\box94
\@tempa=\box95
\@tempa=\box96
\@tempa=\box97
\@tempa=\box98
\@tempa=\box99
\@tempa=\box100
\@tempa=\box101
\@tempa=\box102
\@tempa=\box103
\@tempa=\box104
\@tempa=\box105
\@tempa=\box106
\@tempa=\box107
\@tempa=\box108
\@tempa=\box109
\@tempa=\box110
\@tempa=\box111
\@tempa=\box112
\@tempa=\box113
\c@minrows=\count326
\c@columnbadness=\count327
\c@finalcolumnbadness=\count328
\last@try=\dimen263
\multicolovershoot=\dimen264
\multicolundershoot=\dimen265
\mult@nat@firstbox=\box114
\colbreak@box=\box115
\mc@col@check@num=\count329
)
(/usr/local/texlive/2020/texmf-dist/tex/latex/pgf/basiclayer/pgf.sty
(/usr/local/texlive/2020/texmf-dist/tex/latex/pgf/utilities/pgfrcs.sty
(/usr/local/texlive/2020/texmf-dist/tex/generic/pgf/utilities/pgfutil-common.te
x
\pgfutil@everybye=\toks30
\pgfutil@tempdima=\dimen266
\pgfutil@tempdimb=\dimen267

(/usr/local/texlive/2020/texmf-dist/tex/generic/pgf/utilities/pgfutil-common-li
sts.tex))
(/usr/local/texlive/2020/texmf-dist/tex/generic/pgf/utilities/pgfutil-latex.def
\pgfutil@abb=\box116
(/usr/local/texlive/2020/texmf-dist/tex/latex/ms/everyshi.sty
Package: everyshi 2001/05/15 v3.00 EveryShipout Package (MS)
))
(/usr/local/texlive/2020/texmf-dist/tex/generic/pgf/utilities/pgfrcs.code.tex
(/usr/local/texlive/2020/texmf-dist/tex/generic/pgf/pgf.revision.tex)
Package: pgfrcs 2020/01/08 v3.1.5b (3.1.5b)
))
Package: pgf 2020/01/08 v3.1.5b (3.1.5b)

(/usr/local/texlive/2020/texmf-dist/tex/latex/pgf/basiclayer/pgfcore.sty
(/usr/local/texlive/2020/texmf-dist/tex/latex/pgf/systemlayer/pgfsys.sty
(/usr/local/texlive/2020/texmf-dist/tex/generic/pgf/systemlayer/pgfsys.code.tex
Package: pgfsys 2020/01/08 v3.1.5b (3.1.5b)
(/usr/local/texlive/2020/texmf-dist/tex/generic/pgf/utilities/pgfkeys.code.tex
\pgfkeys@pathtoks=\toks31
\pgfkeys@temptoks=\toks32

(/usr/local/texlive/2020/texmf-dist/tex/generic/pgf/utilities/pgfkeysfiltered.c
ode.tex
\pgfkeys@tmptoks=\toks33
))
\pgf@x=\dimen268
\pgf@y=\dimen269
\pgf@xa=\dimen270
\pgf@ya=\dimen271
\pgf@xb=\dimen272
\pgf@yb=\dimen273
\pgf@xc=\dimen274
\pgf@yc=\dimen275
\pgf@xd=\dimen276
\pgf@yd=\dimen277
\w@pgf@writea=\write5
\r@pgf@reada=\read4
\c@pgf@counta=\count330
\c@pgf@countb=\count331
\c@pgf@countc=\count332
\c@pgf@countd=\count333
\t@pgf@toka=\toks34
\t@pgf@tokb=\toks35
\t@pgf@tokc=\toks36
\pgf@sys@id@count=\count334

(/usr/local/texlive/2020/texmf-dist/tex/generic/pgf/systemlayer/pgf.cfg
File: pgf.cfg 2020/01/08 v3.1.5b (3.1.5b)
)
Driver file for pgf: pgfsys-pdftex.def

(/usr/local/texlive/2020/texmf-dist/tex/generic/pgf/systemlayer/pgfsys-pdftex.d
ef
File: pgfsys-pdftex.def 2020/01/08 v3.1.5b (3.1.5b)

(/usr/local/texlive/2020/texmf-dist/tex/generic/pgf/systemlayer/pgfsys-common-p
df.def
File: pgfsys-common-pdf.def 2020/01/08 v3.1.5b (3.1.5b)
)))
(/usr/local/texlive/2020/texmf-dist/tex/generic/pgf/systemlayer/pgfsyssoftpath.
code.tex
File: pgfsyssoftpath.code.tex 2020/01/08 v3.1.5b (3.1.5b)
\pgfsyssoftpath@smallbuffer@items=\count335
\pgfsyssoftpath@bigbuffer@items=\count336
)
(/usr/local/texlive/2020/texmf-dist/tex/generic/pgf/systemlayer/pgfsysprotocol.
code.tex
File: pgfsysprotocol.code.tex 2020/01/08 v3.1.5b (3.1.5b)
))
(/usr/local/texlive/2020/texmf-dist/tex/generic/pgf/basiclayer/pgfcore.code.tex
Package: pgfcore 2020/01/08 v3.1.5b (3.1.5b)
(/usr/local/texlive/2020/texmf-dist/tex/generic/pgf/math/pgfmath.code.tex
(/usr/local/texlive/2020/texmf-dist/tex/generic/pgf/math/pgfmathcalc.code.tex
(/usr/local/texlive/2020/texmf-dist/tex/generic/pgf/math/pgfmathutil.code.tex)
(/usr/local/texlive/2020/texmf-dist/tex/generic/pgf/math/pgfmathparser.code.tex
\pgfmath@dimen=\dimen278
\pgfmath@count=\count337
\pgfmath@box=\box117
\pgfmath@toks=\toks37
\pgfmath@stack@operand=\toks38
\pgfmath@stack@operation=\toks39
)
(/usr/local/texlive/2020/texmf-dist/tex/generic/pgf/math/pgfmathfunctions.code.
tex
(/usr/local/texlive/2020/texmf-dist/tex/generic/pgf/math/pgfmathfunctions.basic
.code.tex)
(/usr/local/texlive/2020/texmf-dist/tex/generic/pgf/math/pgfmathfunctions.trigo
nometric.code.tex)
(/usr/local/texlive/2020/texmf-dist/tex/generic/pgf/math/pgfmathfunctions.rando
m.code.tex)
(/usr/local/texlive/2020/texmf-dist/tex/generic/pgf/math/pgfmathfunctions.compa
rison.code.tex)
(/usr/local/texlive/2020/texmf-dist/tex/generic/pgf/math/pgfmathfunctions.base.
code.tex)
(/usr/local/texlive/2020/texmf-dist/tex/generic/pgf/math/pgfmathfunctions.round
.code.tex)
(/usr/local/texlive/2020/texmf-dist/tex/generic/pgf/math/pgfmathfunctions.misc.
code.tex)
(/usr/local/texlive/2020/texmf-dist/tex/generic/pgf/math/pgfmathfunctions.integ
erarithmetics.code.tex)))
(/usr/local/texlive/2020/texmf-dist/tex/generic/pgf/math/pgfmathfloat.code.tex
\c@pgfmathroundto@lastzeros=\count338
)) (/usr/local/texlive/2020/texmf-dist/tex/generic/pgf/math/pgfint.code.tex)
(/usr/local/texlive/2020/texmf-dist/tex/generic/pgf/basiclayer/pgfcorepoints.co
de.tex
File: pgfcorepoints.code.tex 2020/01/08 v3.1.5b (3.1.5b)
\pgf@picminx=\dimen279
\pgf@picmaxx=\dimen280
\pgf@picminy=\dimen281
\pgf@picmaxy=\dimen282
\pgf@pathminx=\dimen283
\pgf@pathmaxx=\dimen284
\pgf@pathminy=\dimen285
\pgf@pathmaxy=\dimen286
\pgf@xx=\dimen287
\pgf@xy=\dimen288
\pgf@yx=\dimen289
\pgf@yy=\dimen290
\pgf@zx=\dimen291
\pgf@zy=\dimen292
)
(/usr/local/texlive/2020/texmf-dist/tex/generic/pgf/basiclayer/pgfcorepathconst
ruct.code.tex
File: pgfcorepathconstruct.code.tex 2020/01/08 v3.1.5b (3.1.5b)
\pgf@path@lastx=\dimen293
\pgf@path@lasty=\dimen294
)
(/usr/local/texlive/2020/texmf-dist/tex/generic/pgf/basiclayer/pgfcorepathusage
.code.tex
File: pgfcorepathusage.code.tex 2020/01/08 v3.1.5b (3.1.5b)
\pgf@shorten@end@additional=\dimen295
\pgf@shorten@start@additional=\dimen296
)
(/usr/local/texlive/2020/texmf-dist/tex/generic/pgf/basiclayer/pgfcorescopes.co
de.tex
File: pgfcorescopes.code.tex 2020/01/08 v3.1.5b (3.1.5b)
\pgfpic=\box118
\pgf@hbox=\box119
\pgf@layerbox@main=\box120
\pgf@picture@serial@count=\count339
)
(/usr/local/texlive/2020/texmf-dist/tex/generic/pgf/basiclayer/pgfcoregraphicst
ate.code.tex
File: pgfcoregraphicstate.code.tex 2020/01/08 v3.1.5b (3.1.5b)
\pgflinewidth=\dimen297
)
(/usr/local/texlive/2020/texmf-dist/tex/generic/pgf/basiclayer/pgfcoretransform
ations.code.tex
File: pgfcoretransformations.code.tex 2020/01/08 v3.1.5b (3.1.5b)
\pgf@pt@x=\dimen298
\pgf@pt@y=\dimen299
\pgf@pt@temp=\dimen300
)
(/usr/local/texlive/2020/texmf-dist/tex/generic/pgf/basiclayer/pgfcorequick.cod
e.tex
File: pgfcorequick.code.tex 2020/01/08 v3.1.5b (3.1.5b)
)
(/usr/local/texlive/2020/texmf-dist/tex/generic/pgf/basiclayer/pgfcoreobjects.c
ode.tex
File: pgfcoreobjects.code.tex 2020/01/08 v3.1.5b (3.1.5b)
)
(/usr/local/texlive/2020/texmf-dist/tex/generic/pgf/basiclayer/pgfcorepathproce
ssing.code.tex
File: pgfcorepathprocessing.code.tex 2020/01/08 v3.1.5b (3.1.5b)
)
(/usr/local/texlive/2020/texmf-dist/tex/generic/pgf/basiclayer/pgfcorearrows.co
de.tex
File: pgfcorearrows.code.tex 2020/01/08 v3.1.5b (3.1.5b)
\pgfarrowsep=\dimen301
)
(/usr/local/texlive/2020/texmf-dist/tex/generic/pgf/basiclayer/pgfcoreshade.cod
e.tex
File: pgfcoreshade.code.tex 2020/01/08 v3.1.5b (3.1.5b)
\pgf@max=\dimen302
\pgf@sys@shading@range@num=\count340
\pgf@shadingcount=\count341
)
(/usr/local/texlive/2020/texmf-dist/tex/generic/pgf/basiclayer/pgfcoreimage.cod
e.tex
File: pgfcoreimage.code.tex 2020/01/08 v3.1.5b (3.1.5b)

(/usr/local/texlive/2020/texmf-dist/tex/generic/pgf/basiclayer/pgfcoreexternal.
code.tex
File: pgfcoreexternal.code.tex 2020/01/08 v3.1.5b (3.1.5b)
\pgfexternal@startupbox=\box121
))
(/usr/local/texlive/2020/texmf-dist/tex/generic/pgf/basiclayer/pgfcorelayers.co
de.tex
File: pgfcorelayers.code.tex 2020/01/08 v3.1.5b (3.1.5b)
)
(/usr/local/texlive/2020/texmf-dist/tex/generic/pgf/basiclayer/pgfcoretranspare
ncy.code.tex
File: pgfcoretransparency.code.tex 2020/01/08 v3.1.5b (3.1.5b)
)
(/usr/local/texlive/2020/texmf-dist/tex/generic/pgf/basiclayer/pgfcorepatterns.
code.tex
File: pgfcorepatterns.code.tex 2020/01/08 v3.1.5b (3.1.5b)
)
(/usr/local/texlive/2020/texmf-dist/tex/generic/pgf/basiclayer/pgfcorerdf.code.
tex
File: pgfcorerdf.code.tex 2020/01/08 v3.1.5b (3.1.5b)
)))
(/usr/local/texlive/2020/texmf-dist/tex/generic/pgf/modules/pgfmoduleshapes.cod
e.tex
File: pgfmoduleshapes.code.tex 2020/01/08 v3.1.5b (3.1.5b)
\pgfnodeparttextbox=\box122
)
(/usr/local/texlive/2020/texmf-dist/tex/generic/pgf/modules/pgfmoduleplot.code.
tex
File: pgfmoduleplot.code.tex 2020/01/08 v3.1.5b (3.1.5b)
)
(/usr/local/texlive/2020/texmf-dist/tex/latex/pgf/compatibility/pgfcomp-version
-0-65.sty
Package: pgfcomp-version-0-65 2020/01/08 v3.1.5b (3.1.5b)
\pgf@nodesepstart=\dimen303
\pgf@nodesepend=\dimen304
)
(/usr/local/texlive/2020/texmf-dist/tex/latex/pgf/compatibility/pgfcomp-version
-1-18.sty
Package: pgfcomp-version-1-18 2020/01/08 v3.1.5b (3.1.5b)
))
(/usr/local/texlive/2020/texmf-dist/tex/latex/pgf/frontendlayer/tikz.sty
(/usr/local/texlive/2020/texmf-dist/tex/latex/pgf/utilities/pgffor.sty
(/usr/local/texlive/2020/texmf-dist/tex/latex/pgf/utilities/pgfkeys.sty
(/usr/local/texlive/2020/texmf-dist/tex/generic/pgf/utilities/pgfkeys.code.tex)
) (/usr/local/texlive/2020/texmf-dist/tex/latex/pgf/math/pgfmath.sty
(/usr/local/texlive/2020/texmf-dist/tex/generic/pgf/math/pgfmath.code.tex))
(/usr/local/texlive/2020/texmf-dist/tex/generic/pgf/utilities/pgffor.code.tex
Package: pgffor 2020/01/08 v3.1.5b (3.1.5b)

(/usr/local/texlive/2020/texmf-dist/tex/generic/pgf/math/pgfmath.code.tex)
\pgffor@iter=\dimen305
\pgffor@skip=\dimen306
\pgffor@stack=\toks40
\pgffor@toks=\toks41
))
(/usr/local/texlive/2020/texmf-dist/tex/generic/pgf/frontendlayer/tikz/tikz.cod
e.tex
Package: tikz 2020/01/08 v3.1.5b (3.1.5b)

(/usr/local/texlive/2020/texmf-dist/tex/generic/pgf/libraries/pgflibraryplothan
dlers.code.tex
File: pgflibraryplothandlers.code.tex 2020/01/08 v3.1.5b (3.1.5b)
\pgf@plot@mark@count=\count342
\pgfplotmarksize=\dimen307
)
\tikz@lastx=\dimen308
\tikz@lasty=\dimen309
\tikz@lastxsaved=\dimen310
\tikz@lastysaved=\dimen311
\tikz@lastmovetox=\dimen312
\tikz@lastmovetoy=\dimen313
\tikzleveldistance=\dimen314
\tikzsiblingdistance=\dimen315
\tikz@figbox=\box123
\tikz@figbox@bg=\box124
\tikz@tempbox=\box125
\tikz@tempbox@bg=\box126
\tikztreelevel=\count343
\tikznumberofchildren=\count344
\tikznumberofcurrentchild=\count345
\tikz@fig@count=\count346

(/usr/local/texlive/2020/texmf-dist/tex/generic/pgf/modules/pgfmodulematrix.cod
e.tex
File: pgfmodulematrix.code.tex 2020/01/08 v3.1.5b (3.1.5b)
\pgfmatrixcurrentrow=\count347
\pgfmatrixcurrentcolumn=\count348
\pgf@matrix@numberofcolumns=\count349
)
\tikz@expandcount=\count350

(/usr/local/texlive/2020/texmf-dist/tex/generic/pgf/frontendlayer/tikz/librarie
s/tikzlibrarytopaths.code.tex
File: tikzlibrarytopaths.code.tex 2020/01/08 v3.1.5b (3.1.5b)
)))
(/usr/local/texlive/2020/texmf-dist/tex/latex/pgfplots/pgfplots.sty
(/usr/local/texlive/2020/texmf-dist/tex/generic/pgfplots/pgfplots.revision.tex)
Package: pgfplots 2020/02/29 v1.17 Data Visualization (1.17)
(/usr/local/texlive/2020/texmf-dist/tex/generic/pgfplots/pgfplots.code.tex
(/usr/local/texlive/2020/texmf-dist/tex/generic/pgfplots/pgfplotscore.code.tex
\t@pgfplots@toka=\toks42
\t@pgfplots@tokb=\toks43
\t@pgfplots@tokc=\toks44
\pgfplots@tmpa=\dimen316
\c@pgfplots@coordindex=\count351
\c@pgfplots@scanlineindex=\count352

(/usr/local/texlive/2020/texmf-dist/tex/generic/pgfplots/sys/pgfplotssysgeneric
.code.tex))
(/usr/local/texlive/2020/texmf-dist/tex/generic/pgfplots/libs/pgfplotslibrary.c
ode.tex)
(/usr/local/texlive/2020/texmf-dist/tex/generic/pgfplots/oldpgfcompatib/pgfplot
soldpgfsupp_loader.code.tex
(/usr/local/texlive/2020/texmf-dist/tex/generic/pgf/libraries/pgflibraryfpu.cod
e.tex))
(/usr/local/texlive/2020/texmf-dist/tex/generic/pgfplots/util/pgfplotsutil.code
.tex
(/usr/local/texlive/2020/texmf-dist/tex/generic/pgfplots/liststructure/pgfplots
liststructure.code.tex)
(/usr/local/texlive/2020/texmf-dist/tex/generic/pgfplots/liststructure/pgfplots
liststructureext.code.tex)
(/usr/local/texlive/2020/texmf-dist/tex/generic/pgfplots/liststructure/pgfplots
array.code.tex
\c@pgfplotsarray@tmp=\count353
)
(/usr/local/texlive/2020/texmf-dist/tex/generic/pgfplots/liststructure/pgfplots
matrix.code.tex)
(/usr/local/texlive/2020/texmf-dist/tex/generic/pgfplots/numtable/pgfplotstable
shared.code.tex
\c@pgfplotstable@counta=\count354
\t@pgfplotstable@a=\toks45
)
(/usr/local/texlive/2020/texmf-dist/tex/generic/pgfplots/liststructure/pgfplots
deque.code.tex)
(/usr/local/texlive/2020/texmf-dist/tex/generic/pgfplots/util/pgfplotsbinary.co
de.tex
(/usr/local/texlive/2020/texmf-dist/tex/generic/pgfplots/util/pgfplotsbinary.da
ta.code.tex))
(/usr/local/texlive/2020/texmf-dist/tex/generic/pgfplots/util/pgfplotsutil.verb
.code.tex)
(/usr/local/texlive/2020/texmf-dist/tex/generic/pgfplots/libs/pgflibrarypgfplot
s.surfshading.code.tex
\c@pgfplotslibrarysurf@no=\count355

(/usr/local/texlive/2020/texmf-dist/tex/generic/pgfplots/sys/pgflibrarypgfplots
.surfshading.pgfsys-pdftex.def)))
(/usr/local/texlive/2020/texmf-dist/tex/generic/pgfplots/util/pgfplotscolormap.
code.tex
(/usr/local/texlive/2020/texmf-dist/tex/generic/pgfplots/util/pgfplotscolor.cod
e.tex))
(/usr/local/texlive/2020/texmf-dist/tex/generic/pgfplots/pgfplotsstackedplots.c
ode.tex)
(/usr/local/texlive/2020/texmf-dist/tex/generic/pgfplots/pgfplotsplothandlers.c
ode.tex
(/usr/local/texlive/2020/texmf-dist/tex/generic/pgfplots/pgfplotsmeshplothandle
r.code.tex
(/usr/local/texlive/2020/texmf-dist/tex/generic/pgfplots/pgfplotsmeshplotimage.
code.tex)))
(/usr/local/texlive/2020/texmf-dist/tex/generic/pgfplots/pgfplots.scaling.code.
tex)
(/usr/local/texlive/2020/texmf-dist/tex/generic/pgfplots/pgfplotscoordprocessin
g.code.tex)
(/usr/local/texlive/2020/texmf-dist/tex/generic/pgfplots/pgfplots.errorbars.cod
e.tex)
(/usr/local/texlive/2020/texmf-dist/tex/generic/pgfplots/pgfplots.markers.code.
tex)
(/usr/local/texlive/2020/texmf-dist/tex/generic/pgfplots/pgfplotsticks.code.tex
)
(/usr/local/texlive/2020/texmf-dist/tex/generic/pgfplots/pgfplots.paths.code.te
x)
(/usr/local/texlive/2020/texmf-dist/tex/generic/pgf/frontendlayer/tikz/librarie
s/tikzlibrarydecorations.code.tex
(/usr/local/texlive/2020/texmf-dist/tex/generic/pgf/modules/pgfmoduledecoration
s.code.tex
\pgfdecoratedcompleteddistance=\dimen317
\pgfdecoratedremainingdistance=\dimen318
\pgfdecoratedinputsegmentcompleteddistance=\dimen319
\pgfdecoratedinputsegmentremainingdistance=\dimen320
\pgf@decorate@distancetomove=\dimen321
\pgf@decorate@repeatstate=\count356
\pgfdecorationsegmentamplitude=\dimen322
\pgfdecorationsegmentlength=\dimen323
)
\tikz@lib@dec@box=\box127
)
(/usr/local/texlive/2020/texmf-dist/tex/generic/pgf/frontendlayer/tikz/librarie
s/tikzlibrarydecorations.pathmorphing.code.tex
(/usr/local/texlive/2020/texmf-dist/tex/generic/pgf/libraries/decorations/pgfli
brarydecorations.pathmorphing.code.tex))
(/usr/local/texlive/2020/texmf-dist/tex/generic/pgf/frontendlayer/tikz/librarie
s/tikzlibrarydecorations.pathreplacing.code.tex
(/usr/local/texlive/2020/texmf-dist/tex/generic/pgf/libraries/decorations/pgfli
brarydecorations.pathreplacing.code.tex))
\pgfplots@numplots=\count357
\pgfplots@xmin@reg=\dimen324
\pgfplots@xmax@reg=\dimen325
\pgfplots@ymin@reg=\dimen326
\pgfplots@ymax@reg=\dimen327
\pgfplots@zmin@reg=\dimen328
\pgfplots@zmax@reg=\dimen329
)
(/usr/local/texlive/2020/texmf-dist/tex/generic/pgf/frontendlayer/tikz/librarie
s/tikzlibraryplotmarks.code.tex
File: tikzlibraryplotmarks.code.tex 2020/01/08 v3.1.5b (3.1.5b)

(/usr/local/texlive/2020/texmf-dist/tex/generic/pgf/libraries/pgflibraryplotmar
ks.code.tex
File: pgflibraryplotmarks.code.tex 2020/01/08 v3.1.5b (3.1.5b)
)))
(/usr/local/texlive/2020/texmf-dist/tex/generic/pgf/frontendlayer/tikz/librarie
s/tikzlibrarycalc.code.tex
File: tikzlibrarycalc.code.tex 2020/01/08 v3.1.5b (3.1.5b)
)
(/usr/local/texlive/2020/texmf-dist/tex/generic/pgf/frontendlayer/tikz/librarie
s/tikzlibrarypositioning.code.tex
File: tikzlibrarypositioning.code.tex 2020/01/08 v3.1.5b (3.1.5b)
)
(/usr/local/texlive/2020/texmf-dist/tex/latex/jknapltx/mathrsfs.sty
Package: mathrsfs 1996/01/01 Math RSFS package v1.0 (jk)
\symrsfs=\mathgroup9
)
(./jour.sty (/usr/local/texlive/2020/texmf-dist/tex/latex/geometry/geometry.sty
Package: geometry 2020/01/02 v5.9 Page Geometry
(/usr/local/texlive/2020/texmf-dist/tex/generic/iftex/ifvtex.sty
Package: ifvtex 2019/10/25 v1.7 ifvtex legacy package. Use iftex instead.
)
\Gm@cnth=\count358
\Gm@cntv=\count359
\c@Gm@tempcnt=\count360
\Gm@bindingoffset=\dimen330
\Gm@wd@mp=\dimen331
\Gm@odd@mp=\dimen332
\Gm@even@mp=\dimen333
\Gm@layoutwidth=\dimen334
\Gm@layoutheight=\dimen335
\Gm@layouthoffset=\dimen336
\Gm@layoutvoffset=\dimen337
\Gm@dimlist=\toks46
)
\c@example=\count361
\c@theorem=\count362
)
runsystem(which pygmentize && touch main.aex)...executed.

runsystem(rm main.aex)...executed.


(/usr/local/texlive/2020/texmf-dist/tex/latex/l3backend/l3backend-pdfmode.def
File: l3backend-pdfmode.def 2020-03-12 L3 backend support: PDF mode
\l__kernel_color_stack_int=\count363
\l__pdf_internal_box=\box128
)

LaTeX Warning: Unused global option(s):
    [a4].

(./main.aux)
\openout1 = `main.aux'.

LaTeX Font Info:    Checking defaults for OML/cmm/m/it on input line 47.
LaTeX Font Info:    ... okay on input line 47.
LaTeX Font Info:    Checking defaults for OMS/cmsy/m/n on input line 47.
LaTeX Font Info:    ... okay on input line 47.
LaTeX Font Info:    Checking defaults for OT1/cmr/m/n on input line 47.
LaTeX Font Info:    ... okay on input line 47.
LaTeX Font Info:    Checking defaults for T1/cmr/m/n on input line 47.
LaTeX Font Info:    ... okay on input line 47.
LaTeX Font Info:    Checking defaults for TS1/cmr/m/n on input line 47.
LaTeX Font Info:    ... okay on input line 47.
LaTeX Font Info:    Checking defaults for OMX/cmex/m/n on input line 47.
LaTeX Font Info:    ... okay on input line 47.
LaTeX Font Info:    Checking defaults for U/cmr/m/n on input line 47.
LaTeX Font Info:    ... okay on input line 47.
LaTeX Font Info:    Checking defaults for PD1/pdf/m/n on input line 47.
LaTeX Font Info:    ... okay on input line 47.

(/usr/local/texlive/2020/texmf-dist/tex/context/base/mkii/supp-pdf.mkii
[Loading MPS to PDF converter (version 2006.09.02).]
\scratchcounter=\count364
\scratchdimen=\dimen338
\scratchbox=\box129
\nofMPsegments=\count365
\nofMParguments=\count366
\everyMPshowfont=\toks47
\MPscratchCnt=\count367
\MPscratchDim=\dimen339
\MPnumerator=\count368
\makeMPintoPDFobject=\count369
\everyMPtoPDFconversion=\toks48
) (/usr/local/texlive/2020/texmf-dist/tex/latex/epstopdf-pkg/epstopdf-base.sty
Package: epstopdf-base 2020-01-24 v2.11 Base part for package epstopdf
Package epstopdf-base Info: Redefining graphics rule for `.eps' on input line 4
85.

(/usr/local/texlive/2020/texmf-dist/tex/latex/latexconfig/epstopdf-sys.cfg
File: epstopdf-sys.cfg 2010/07/13 v1.3 Configuration of (r)epstopdf for TeX Liv
e
))
\AtBeginShipoutBox=\box130
Package hyperref Info: Option `colorlinks' set `true' on input line 47.
Package hyperref Info: Link coloring ON on input line 47.

(/usr/local/texlive/2020/texmf-dist/tex/latex/hyperref/nameref.sty
Package: nameref 2019/09/16 v2.46 Cross-referencing by name of section

(/usr/local/texlive/2020/texmf-dist/tex/latex/refcount/refcount.sty
Package: refcount 2019/12/15 v3.6 Data extraction from label references (HO)
)
(/usr/local/texlive/2020/texmf-dist/tex/generic/gettitlestring/gettitlestring.s
ty
Package: gettitlestring 2019/12/15 v1.6 Cleanup title references (HO)
)
\c@section@level=\count370
)
LaTeX Info: Redefining \ref on input line 47.
LaTeX Info: Redefining \pageref on input line 47.
LaTeX Info: Redefining \nameref on input line 47.
 (./main.out) (./main.out)
\@outlinefile=\write6
\openout6 = `main.out'.

 ABD: EverySelectfont initializing macros
LaTeX Info: Redefining \selectfont on input line 47.
Package caption Info: Begin \AtBeginDocument code.
Package caption Info: float package is loaded.
Package caption Info: End \AtBeginDocument code.

ABD: EveryShipout initializing macros
Package pgfplots notification 'compat/show suggested version=true': you might b
enefit from \pgfplotsset{compat=1.17} (current compat level: 1.15).

*geometry* driver: auto-detecting
*geometry* detected driver: pdftex
*geometry* verbose mode - [ preamble ] result:
* driver: pdftex
* paper: a4paper
* layout: <same size as paper>
* layoutoffset:(h,v)=(0.0pt,0.0pt)
* modes: 
* h-part:(L,W,R)=(72.26999pt, 452.9679pt, 72.26999pt)
* v-part:(T,H,B)=(72.26999pt, 700.50687pt, 72.26999pt)
* \paperwidth=597.50787pt
* \paperheight=845.04684pt
* \textwidth=452.9679pt
* \textheight=700.50687pt
* \oddsidemargin=0.0pt
* \evensidemargin=0.0pt
* \topmargin=-37.0pt
* \headheight=12.0pt
* \headsep=25.0pt
* \topskip=12.0pt
* \footskip=30.0pt
* \marginparwidth=44.0pt
* \marginparsep=10.0pt
* \columnsep=10.0pt
* \skip\footins=10.8pt plus 4.0pt minus 2.0pt
* \hoffset=0.0pt
* \voffset=0.0pt
* \mag=1000
* \@twocolumnfalse
* \@twosidefalse
* \@mparswitchfalse
* \@reversemarginfalse
* (1in=72.27pt=25.4mm, 1cm=28.453pt)

LaTeX Font Info:    Trying to load font information for U+msa on input line 49.

(/usr/local/texlive/2020/texmf-dist/tex/latex/amsfonts/umsa.fd
File: umsa.fd 2013/01/14 v3.01 AMS symbols A
)
LaTeX Font Info:    Trying to load font information for U+msb on input line 49.


(/usr/local/texlive/2020/texmf-dist/tex/latex/amsfonts/umsb.fd
File: umsb.fd 2013/01/14 v3.01 AMS symbols B
)
LaTeX Font Info:    Trying to load font information for U+rsfs on input line 49
.

(/usr/local/texlive/2020/texmf-dist/tex/latex/jknapltx/ursfs.fd
File: ursfs.fd 1998/03/24 rsfs font definition file (jk)
) [1

{/usr/local/texlive/2020/texmf-var/fonts/map/pdftex/updmap/pdftex.map}]
Overfull \hbox (0.7297pt too wide) in paragraph at lines 67--68
\OT1/cmr/m/n/12 Transformer-based mod-els have been ap-plied to vi-sion tasks a
nd proved promis-ing. Specif-
 []

[2]
Overfull \hbox (1.58646pt too wide) in paragraph at lines 96--98
[] []\OT1/cmr/bx/n/12 CN-N-based Seg-men-ta-tion Mod-els.[] \OT1/cmr/m/n/12 Con
-vo-lu-tion neu-ral net-works (CNNs) have dom-
 []

[3] [4] [5]
<figures/factorizer.pdf, id=219, 1367.1075pt x 815.045pt>
File: figures/factorizer.pdf Graphic file (type pdf)
<use figures/factorizer.pdf>
Package pdftex.def Info: figures/factorizer.pdf  used on input line 171.
(pdftex.def)             Requested size: 407.66833pt x 243.03543pt.
 [6 <./figures/factorizer.pdf>]
<figures/factorizer_block.pdf, id=307, 221.82875pt x 462.72874pt>
File: figures/factorizer_block.pdf Graphic file (type pdf)
<use figures/factorizer_block.pdf>
Package pdftex.def Info: figures/factorizer_block.pdf  used on input line 195.
(pdftex.def)             Requested size: 61.60547pt x 128.50406pt.
<figures/wrapped_nmf.pdf, id=308, 187.70125pt x 425.59pt>
File: figures/wrapped_nmf.pdf Graphic file (type pdf)
<use figures/wrapped_nmf.pdf>
Package pdftex.def Info: figures/wrapped_nmf.pdf  used on input line 201.
(pdftex.def)             Requested size: 57.75146pt x 130.94444pt.
<figures/sw-matricize.pdf, id=309, 2452.16125pt x 949.5475pt>
File: figures/sw-matricize.pdf Graphic file (type pdf)
<use figures/sw-matricize.pdf>
Package pdftex.def Info: figures/sw-matricize.pdf  used on input line 207.
(pdftex.def)             Requested size: 294.38339pt x 113.98424pt.
 [7 <./figures/factorizer_block.pdf> <./figures/wrapped_nmf.pdf> <./figures/sw-
matricize.pdf>] [8] [9] [10] [11]
[12]
Overfull \hbox (2.90552pt too wide) in paragraph at lines 442--442
 []|[]| 
 []


Overfull \hbox (7.76193pt too wide) in paragraph at lines 442--442
 []|\OT1/cmr/bx/n/12 83.14$[]$| 
 []

[13]
<figures/dice_boxplot.pdf, id=470, 392.74544pt x 250.41617pt>
File: figures/dice_boxplot.pdf Graphic file (type pdf)
<use figures/dice_boxplot.pdf>
Package pdftex.def Info: figures/dice_boxplot.pdf  used on input line 449.
(pdftex.def)             Requested size: 215.15906pt x 137.18672pt.
<figures/hd_boxplot.pdf, id=471, 385.9858pt x 250.41617pt>
File: figures/hd_boxplot.pdf Graphic file (type pdf)
<use figures/hd_boxplot.pdf>
Package pdftex.def Info: figures/hd_boxplot.pdf  used on input line 454.
(pdftex.def)             Requested size: 215.15906pt x 139.58633pt.
<figures/legend.pdf, id=472, 715.08401pt x 35.75859pt>
File: figures/legend.pdf Graphic file (type pdf)
<use figures/legend.pdf>
Package pdftex.def Info: figures/legend.pdf  used on input line 460.
(pdftex.def)             Requested size: 362.37569pt x 18.12096pt.

Overfull \hbox (5.94548pt too wide) in paragraph at lines 468--469
[] []\OT1/cmr/bx/n/12 Quan-ti-ta-tive Eval-u-a-tion.[] \OT1/cmr/m/n/12 For all 
the ex-per-i-ments, we per-formed 5-fold cross-validation
 []

<figures/dice_vs_params.pdf, id=476, 402.32811pt x 269.31491pt>
File: figures/dice_vs_params.pdf Graphic file (type pdf)
<use figures/dice_vs_params.pdf>
Package pdftex.def Info: figures/dice_vs_params.pdf  used on input line 476.
(pdftex.def)             Requested size: 215.15906pt x 144.03067pt.
<figures/dice_vs_flops.pdf, id=477, 395.94489pt x 268.93849pt>
File: figures/dice_vs_flops.pdf Graphic file (type pdf)
<use figures/dice_vs_flops.pdf>
Package pdftex.def Info: figures/dice_vs_flops.pdf  used on input line 481.
(pdftex.def)             Requested size: 215.15906pt x 146.14384pt.
[14 <./figures/dice_boxplot.pdf> <./figures/hd_boxplot.pdf

pdfTeX warning: /Library/TeX/texbin/pdflatex (file ./figures/hd_boxplot.pdf): P
DF inclusion: multiple pdfs with page group included in a single page
> <./figures/legend.pdf

pdfTeX warning: /Library/TeX/texbin/pdflatex (file ./figures/legend.pdf): PDF i
nclusion: multiple pdfs with page group included in a single page
>]
<figures/qualitative_results/gt_BraTS_451.pdf, id=584, 236.05063pt x 267.10992p
t>
File: figures/qualitative_results/gt_BraTS_451.pdf Graphic file (type pdf)
<use figures/qualitative_results/gt_BraTS_451.pdf>
Package pdftex.def Info: figures/qualitative_results/gt_BraTS_451.pdf  used on 
input line 533.
(pdftex.def)             Requested size: 75.649pt x 85.60326pt.
LaTeX Font Info:    Trying to load font information for OT1+phv on input line 5
33.
 (/usr/local/texlive/2020/texmf-dist/tex/latex/psnfss/ot1phv.fd
File: ot1phv.fd 2001/06/04 scalable font definitions for OT1/phv.


LaTeX Warning: Font shape declaration has incorrect series value `mc'.
               It should not contain an `m'! Please correct it.
               Found on input line 21.


LaTeX Warning: Font shape declaration has incorrect series value `mc'.
               It should not contain an `m'! Please correct it.
               Found on input line 24.


LaTeX Warning: Font shape declaration has incorrect series value `mc'.
               It should not contain an `m'! Please correct it.
               Found on input line 27.


LaTeX Warning: Font shape declaration has incorrect series value `mc'.
               It should not contain an `m'! Please correct it.
               Found on input line 47.

)
<figures/qualitative_results/swin-factorizer_pred_BraTS_451.pdf, id=585, 236.05
063pt x 267.10992pt>
File: figures/qualitative_results/swin-factorizer_pred_BraTS_451.pdf Graphic fi
le (type pdf)
<use figures/qualitative_results/swin-factorizer_pred_BraTS_451.pdf>
Package pdftex.def Info: figures/qualitative_results/swin-factorizer_pred_BraTS
_451.pdf  used on input line 537.
(pdftex.def)             Requested size: 75.649pt x 85.60326pt.
<figures/qualitative_results/global-factorizer_pred_BraTS_451.pdf, id=586, 236.
05063pt x 267.10992pt>
File: figures/qualitative_results/global-factorizer_pred_BraTS_451.pdf Graphic 
file (type pdf)
<use figures/qualitative_results/global-factorizer_pred_BraTS_451.pdf>
Package pdftex.def Info: figures/qualitative_results/global-factorizer_pred_Bra
TS_451.pdf  used on input line 541.
(pdftex.def)             Requested size: 75.649pt x 85.60326pt.
<figures/qualitative_results/global-performer_pred_BraTS_451.pdf, id=587, 236.0
5063pt x 267.10992pt>
File: figures/qualitative_results/global-performer_pred_BraTS_451.pdf Graphic f
ile (type pdf)
<use figures/qualitative_results/global-performer_pred_BraTS_451.pdf>
Package pdftex.def Info: figures/qualitative_results/global-performer_pred_BraT
S_451.pdf  used on input line 545.
(pdftex.def)             Requested size: 75.649pt x 85.60326pt.
<figures/qualitative_results/resunet_pred_BraTS_451.pdf, id=588, 236.05063pt x 
267.10992pt>
File: figures/qualitative_results/resunet_pred_BraTS_451.pdf Graphic file (type
 pdf)
<use figures/qualitative_results/resunet_pred_BraTS_451.pdf>
Package pdftex.def Info: figures/qualitative_results/resunet_pred_BraTS_451.pdf
  used on input line 549.
(pdftex.def)             Requested size: 75.649pt x 85.60326pt.
<figures/qualitative_results/unet_pred_BraTS_451.pdf, id=589, 236.05063pt x 267
.10992pt>
File: figures/qualitative_results/unet_pred_BraTS_451.pdf Graphic file (type pd
f)
<use figures/qualitative_results/unet_pred_BraTS_451.pdf>
Package pdftex.def Info: figures/qualitative_results/unet_pred_BraTS_451.pdf  u
sed on input line 553.
(pdftex.def)             Requested size: 75.649pt x 85.60326pt.

Overfull \hbox (0.92612pt too wide) in paragraph at lines 531--555
 []$[]$$[]$$[]$$[]$$[]$$[]$ 
 []

<figures/qualitative_results/gt_BraTS_481.pdf, id=590, 236.05063pt x 267.10992p
t>
File: figures/qualitative_results/gt_BraTS_481.pdf Graphic file (type pdf)
<use figures/qualitative_results/gt_BraTS_481.pdf>
Package pdftex.def Info: figures/qualitative_results/gt_BraTS_481.pdf  used on 
input line 663.
(pdftex.def)             Requested size: 75.649pt x 85.60326pt.
<figures/qualitative_results/swin-factorizer_pred_BraTS_481.pdf, id=591, 236.05
063pt x 267.10992pt>
File: figures/qualitative_results/swin-factorizer_pred_BraTS_481.pdf Graphic fi
le (type pdf)
<use figures/qualitative_results/swin-factorizer_pred_BraTS_481.pdf>
Package pdftex.def Info: figures/qualitative_results/swin-factorizer_pred_BraTS
_481.pdf  used on input line 667.
(pdftex.def)             Requested size: 75.649pt x 85.60326pt.
<figures/qualitative_results/global-factorizer_pred_BraTS_481.pdf, id=592, 236.
05063pt x 267.10992pt>
File: figures/qualitative_results/global-factorizer_pred_BraTS_481.pdf Graphic 
file (type pdf)
<use figures/qualitative_results/global-factorizer_pred_BraTS_481.pdf>
Package pdftex.def Info: figures/qualitative_results/global-factorizer_pred_Bra
TS_481.pdf  used on input line 671.
(pdftex.def)             Requested size: 75.649pt x 85.60326pt.
<figures/qualitative_results/global-performer_pred_BraTS_481.pdf, id=593, 236.0
5063pt x 267.10992pt>
File: figures/qualitative_results/global-performer_pred_BraTS_481.pdf Graphic f
ile (type pdf)
<use figures/qualitative_results/global-performer_pred_BraTS_481.pdf>
Package pdftex.def Info: figures/qualitative_results/global-performer_pred_BraT
S_481.pdf  used on input line 675.
(pdftex.def)             Requested size: 75.649pt x 85.60326pt.
<figures/qualitative_results/resunet_pred_BraTS_481.pdf, id=594, 236.05063pt x 
267.10992pt>
File: figures/qualitative_results/resunet_pred_BraTS_481.pdf Graphic file (type
 pdf)
<use figures/qualitative_results/resunet_pred_BraTS_481.pdf>
Package pdftex.def Info: figures/qualitative_results/resunet_pred_BraTS_481.pdf
  used on input line 679.
(pdftex.def)             Requested size: 75.649pt x 85.60326pt.
<figures/qualitative_results/unet_pred_BraTS_481.pdf, id=595, 236.05063pt x 267
.10992pt>
File: figures/qualitative_results/unet_pred_BraTS_481.pdf Graphic file (type pd
f)
<use figures/qualitative_results/unet_pred_BraTS_481.pdf>
Package pdftex.def Info: figures/qualitative_results/unet_pred_BraTS_481.pdf  u
sed on input line 683.
(pdftex.def)             Requested size: 75.649pt x 85.60326pt.

Overfull \hbox (0.92612pt too wide) in paragraph at lines 661--685
 []$[]$$[]$$[]$$[]$$[]$$[]$ 
 []

<figures/qualitative_results/gt_BraTS_103.pdf, id=596, 236.05063pt x 267.10992p
t>
File: figures/qualitative_results/gt_BraTS_103.pdf Graphic file (type pdf)
<use figures/qualitative_results/gt_BraTS_103.pdf>
Package pdftex.def Info: figures/qualitative_results/gt_BraTS_103.pdf  used on 
input line 689.
(pdftex.def)             Requested size: 75.649pt x 85.60326pt.
<figures/qualitative_results/swin-factorizer_pred_BraTS_103.pdf, id=597, 236.05
063pt x 267.10992pt>
File: figures/qualitative_results/swin-factorizer_pred_BraTS_103.pdf Graphic fi
le (type pdf)
<use figures/qualitative_results/swin-factorizer_pred_BraTS_103.pdf>
Package pdftex.def Info: figures/qualitative_results/swin-factorizer_pred_BraTS
_103.pdf  used on input line 693.
(pdftex.def)             Requested size: 75.649pt x 85.60326pt.
<figures/qualitative_results/global-factorizer_pred_BraTS_103.pdf, id=598, 236.
05063pt x 267.10992pt>
File: figures/qualitative_results/global-factorizer_pred_BraTS_103.pdf Graphic 
file (type pdf)
<use figures/qualitative_results/global-factorizer_pred_BraTS_103.pdf>
Package pdftex.def Info: figures/qualitative_results/global-factorizer_pred_Bra
TS_103.pdf  used on input line 697.
(pdftex.def)             Requested size: 75.649pt x 85.60326pt.
<figures/qualitative_results/global-performer_pred_BraTS_103.pdf, id=599, 236.0
5063pt x 267.10992pt>
File: figures/qualitative_results/global-performer_pred_BraTS_103.pdf Graphic f
ile (type pdf)
<use figures/qualitative_results/global-performer_pred_BraTS_103.pdf>
Package pdftex.def Info: figures/qualitative_results/global-performer_pred_BraT
S_103.pdf  used on input line 701.
(pdftex.def)             Requested size: 75.649pt x 85.60326pt.
<figures/qualitative_results/resunet_pred_BraTS_103.pdf, id=600, 236.05063pt x 
267.10992pt>
File: figures/qualitative_results/resunet_pred_BraTS_103.pdf Graphic file (type
 pdf)
<use figures/qualitative_results/resunet_pred_BraTS_103.pdf>
Package pdftex.def Info: figures/qualitative_results/resunet_pred_BraTS_103.pdf
  used on input line 705.
(pdftex.def)             Requested size: 75.649pt x 85.60326pt.
<figures/qualitative_results/unet_pred_BraTS_103.pdf, id=601, 236.05063pt x 267
.10992pt>
File: figures/qualitative_results/unet_pred_BraTS_103.pdf Graphic file (type pd
f)
<use figures/qualitative_results/unet_pred_BraTS_103.pdf>
Package pdftex.def Info: figures/qualitative_results/unet_pred_BraTS_103.pdf  u
sed on input line 709.
(pdftex.def)             Requested size: 75.649pt x 85.60326pt.

Overfull \hbox (0.92612pt too wide) in paragraph at lines 687--711
 []$[]$$[]$$[]$$[]$$[]$$[]$ 
 []

<figures/qualitative_results/gt_BraTS_038.pdf, id=602, 236.05063pt x 267.10992p
t>
File: figures/qualitative_results/gt_BraTS_038.pdf Graphic file (type pdf)
<use figures/qualitative_results/gt_BraTS_038.pdf>
Package pdftex.def Info: figures/qualitative_results/gt_BraTS_038.pdf  used on 
input line 715.
(pdftex.def)             Requested size: 75.649pt x 85.60326pt.
<figures/qualitative_results/swin-factorizer_pred_BraTS_038.pdf, id=603, 236.05
063pt x 267.10992pt>
File: figures/qualitative_results/swin-factorizer_pred_BraTS_038.pdf Graphic fi
le (type pdf)
<use figures/qualitative_results/swin-factorizer_pred_BraTS_038.pdf>
Package pdftex.def Info: figures/qualitative_results/swin-factorizer_pred_BraTS
_038.pdf  used on input line 720.
(pdftex.def)             Requested size: 75.649pt x 85.60326pt.
<figures/qualitative_results/global-factorizer_pred_BraTS_038.pdf, id=604, 236.
05063pt x 267.10992pt>
File: figures/qualitative_results/global-factorizer_pred_BraTS_038.pdf Graphic 
file (type pdf)
<use figures/qualitative_results/global-factorizer_pred_BraTS_038.pdf>
Package pdftex.def Info: figures/qualitative_results/global-factorizer_pred_Bra
TS_038.pdf  used on input line 725.
(pdftex.def)             Requested size: 75.649pt x 85.60326pt.
<figures/qualitative_results/global-performer_pred_BraTS_038.pdf, id=605, 236.0
5063pt x 267.10992pt>
File: figures/qualitative_results/global-performer_pred_BraTS_038.pdf Graphic f
ile (type pdf)
<use figures/qualitative_results/global-performer_pred_BraTS_038.pdf>
Package pdftex.def Info: figures/qualitative_results/global-performer_pred_BraT
S_038.pdf  used on input line 730.
(pdftex.def)             Requested size: 75.649pt x 85.60326pt.
<figures/qualitative_results/resunet_pred_BraTS_038.pdf, id=606, 236.05063pt x 
267.10992pt>
File: figures/qualitative_results/resunet_pred_BraTS_038.pdf Graphic file (type
 pdf)
<use figures/qualitative_results/resunet_pred_BraTS_038.pdf>
Package pdftex.def Info: figures/qualitative_results/resunet_pred_BraTS_038.pdf
  used on input line 735.
(pdftex.def)             Requested size: 75.649pt x 85.60326pt.
<figures/qualitative_results/unet_pred_BraTS_038.pdf, id=607, 236.05063pt x 267
.10992pt>
File: figures/qualitative_results/unet_pred_BraTS_038.pdf Graphic file (type pd
f)
<use figures/qualitative_results/unet_pred_BraTS_038.pdf>
Package pdftex.def Info: figures/qualitative_results/unet_pred_BraTS_038.pdf  u
sed on input line 740.
(pdftex.def)             Requested size: 75.649pt x 85.60326pt.

Overfull \hbox (0.92612pt too wide) in paragraph at lines 713--743
 []$[]$$[]$$[]$$[]$$[]$$[]$ 
 []

<figures/nmf_components/gt_BraTS_217.pdf, id=608, 236.05063pt x 267.10992pt>
File: figures/nmf_components/gt_BraTS_217.pdf Graphic file (type pdf)
<use figures/nmf_components/gt_BraTS_217.pdf>
Package pdftex.def Info: figures/nmf_components/gt_BraTS_217.pdf  used on input
 line 820.
(pdftex.def)             Requested size: 72.47403pt x 82.00844pt.
<figures/nmf_components/t1_BraTS_217.pdf, id=609, 236.05063pt x 267.10992pt>
File: figures/nmf_components/t1_BraTS_217.pdf Graphic file (type pdf)
<use figures/nmf_components/t1_BraTS_217.pdf>
Package pdftex.def Info: figures/nmf_components/t1_BraTS_217.pdf  used on input
 line 825.
(pdftex.def)             Requested size: 72.47403pt x 82.00844pt.
<figures/nmf_components/t1gd_BraTS_217.pdf, id=610, 236.05063pt x 267.10992pt>
File: figures/nmf_components/t1gd_BraTS_217.pdf Graphic file (type pdf)
<use figures/nmf_components/t1gd_BraTS_217.pdf>
Package pdftex.def Info: figures/nmf_components/t1gd_BraTS_217.pdf  used on inp
ut line 830.
(pdftex.def)             Requested size: 72.47403pt x 82.00844pt.
<figures/nmf_components/t2_BraTS_217.pdf, id=611, 236.05063pt x 267.10992pt>
File: figures/nmf_components/t2_BraTS_217.pdf Graphic file (type pdf)
<use figures/nmf_components/t2_BraTS_217.pdf>
Package pdftex.def Info: figures/nmf_components/t2_BraTS_217.pdf  used on input
 line 835.
(pdftex.def)             Requested size: 72.47403pt x 82.00844pt.
<figures/nmf_components/swin-factorizer_layer1_component2_BraTS_217.pdf, id=612
, 236.05063pt x 267.10992pt>
File: figures/nmf_components/swin-factorizer_layer1_component2_BraTS_217.pdf Gr
aphic file (type pdf)
<use figures/nmf_components/swin-factorizer_layer1_component2_BraTS_217.pdf>
Package pdftex.def Info: figures/nmf_components/swin-factorizer_layer1_componen
t2_BraTS_217.pdf  used on input line 845.
(pdftex.def)             Requested size: 72.47403pt x 82.00844pt.
<figures/nmf_components/global-factorizer_layer1_component3_BraTS_217.pdf, id=6
13, 236.05063pt x 267.10992pt>
File: figures/nmf_components/global-factorizer_layer1_component3_BraTS_217.pdf 
Graphic file (type pdf)
<use figures/nmf_components/global-factorizer_layer1_component3_BraTS_217.pdf>
Package pdftex.def Info: figures/nmf_components/global-factorizer_layer1_compon
ent3_BraTS_217.pdf  used on input line 849.
(pdftex.def)             Requested size: 72.47403pt x 82.00844pt.
<figures/nmf_components/swin-factorizer_layer1_component0_BraTS_217.pdf, id=614
, 236.05063pt x 267.10992pt>
File: figures/nmf_components/swin-factorizer_layer1_component0_BraTS_217.pdf Gr
aphic file (type pdf)
<use figures/nmf_components/swin-factorizer_layer1_component0_BraTS_217.pdf>
Package pdftex.def Info: figures/nmf_components/swin-factorizer_layer1_componen
t0_BraTS_217.pdf  used on input line 854.
(pdftex.def)             Requested size: 72.47403pt x 82.00844pt.
<figures/nmf_components/global-factorizer_layer1_component1_BraTS_217.pdf, id=6
15, 236.05063pt x 267.10992pt>
File: figures/nmf_components/global-factorizer_layer1_component1_BraTS_217.pdf 
Graphic file (type pdf)
<use figures/nmf_components/global-factorizer_layer1_component1_BraTS_217.pdf>
Package pdftex.def Info: figures/nmf_components/global-factorizer_layer1_compon
ent1_BraTS_217.pdf  used on input line 858.
(pdftex.def)             Requested size: 72.47403pt x 82.00844pt.
<figures/nmf_components/swin-factorizer_layer1_component1_BraTS_217.pdf, id=616
, 236.05063pt x 267.10992pt>
File: figures/nmf_components/swin-factorizer_layer1_component1_BraTS_217.pdf Gr
aphic file (type pdf)
<use figures/nmf_components/swin-factorizer_layer1_component1_BraTS_217.pdf>
Package pdftex.def Info: figures/nmf_components/swin-factorizer_layer1_componen
t1_BraTS_217.pdf  used on input line 863.
(pdftex.def)             Requested size: 72.47403pt x 82.00844pt.
<figures/nmf_components/global-factorizer_layer1_component0_BraTS_217.pdf, id=6
17, 236.05063pt x 267.10992pt>
File: figures/nmf_components/global-factorizer_layer1_component0_BraTS_217.pdf 
Graphic file (type pdf)
<use figures/nmf_components/global-factorizer_layer1_component0_BraTS_217.pdf>
Package pdftex.def Info: figures/nmf_components/global-factorizer_layer1_compon
ent0_BraTS_217.pdf  used on input line 867.
(pdftex.def)             Requested size: 72.47403pt x 82.00844pt.
<figures/nmf_components/swin-factorizer_layer1_component3_BraTS_217.pdf, id=618
, 236.05063pt x 267.10992pt>
File: figures/nmf_components/swin-factorizer_layer1_component3_BraTS_217.pdf Gr
aphic file (type pdf)
<use figures/nmf_components/swin-factorizer_layer1_component3_BraTS_217.pdf>
Package pdftex.def Info: figures/nmf_components/swin-factorizer_layer1_componen
t3_BraTS_217.pdf  used on input line 872.
(pdftex.def)             Requested size: 72.47403pt x 82.00844pt.
<figures/nmf_components/global-factorizer_layer1_component2_BraTS_217.pdf, id=6
19, 236.05063pt x 267.10992pt>
File: figures/nmf_components/global-factorizer_layer1_component2_BraTS_217.pdf 
Graphic file (type pdf)
<use figures/nmf_components/global-factorizer_layer1_component2_BraTS_217.pdf>
Package pdftex.def Info: figures/nmf_components/global-factorizer_layer1_compon
ent2_BraTS_217.pdf  used on input line 878.
(pdftex.def)             Requested size: 72.47403pt x 82.00844pt.
<figures/nmf_components/swin-factorizer_layer9_component1_BraTS_217.pdf, id=620
, 236.05063pt x 267.10992pt>
File: figures/nmf_components/swin-factorizer_layer9_component1_BraTS_217.pdf Gr
aphic file (type pdf)
<use figures/nmf_components/swin-factorizer_layer9_component1_BraTS_217.pdf>
Package pdftex.def Info: figures/nmf_components/swin-factorizer_layer9_componen
t1_BraTS_217.pdf  used on input line 889.
(pdftex.def)             Requested size: 72.47403pt x 82.00844pt.
<figures/nmf_components/global-factorizer_layer9_component3_BraTS_217.pdf, id=6
21, 236.05063pt x 267.10992pt>
File: figures/nmf_components/global-factorizer_layer9_component3_BraTS_217.pdf 
Graphic file (type pdf)
<use figures/nmf_components/global-factorizer_layer9_component3_BraTS_217.pdf>
Package pdftex.def Info: figures/nmf_components/global-factorizer_layer9_compon
ent3_BraTS_217.pdf  used on input line 893.
(pdftex.def)             Requested size: 72.47403pt x 82.00844pt.
<figures/nmf_components/swin-factorizer_layer9_component2_BraTS_217.pdf, id=622
, 236.05063pt x 267.10992pt>
File: figures/nmf_components/swin-factorizer_layer9_component2_BraTS_217.pdf Gr
aphic file (type pdf)
<use figures/nmf_components/swin-factorizer_layer9_component2_BraTS_217.pdf>
Package pdftex.def Info: figures/nmf_components/swin-factorizer_layer9_componen
t2_BraTS_217.pdf  used on input line 898.
(pdftex.def)             Requested size: 72.47403pt x 82.00844pt.
<figures/nmf_components/global-factorizer_layer9_component2_BraTS_217.pdf, id=6
23, 236.05063pt x 267.10992pt>
File: figures/nmf_components/global-factorizer_layer9_component2_BraTS_217.pdf 
Graphic file (type pdf)
<use figures/nmf_components/global-factorizer_layer9_component2_BraTS_217.pdf>
Package pdftex.def Info: figures/nmf_components/global-factorizer_layer9_compon
ent2_BraTS_217.pdf  used on input line 902.
(pdftex.def)             Requested size: 72.47403pt x 82.00844pt.
<figures/nmf_components/swin-factorizer_layer9_component3_BraTS_217.pdf, id=624
, 236.05063pt x 267.10992pt>
File: figures/nmf_components/swin-factorizer_layer9_component3_BraTS_217.pdf Gr
aphic file (type pdf)
<use figures/nmf_components/swin-factorizer_layer9_component3_BraTS_217.pdf>
Package pdftex.def Info: figures/nmf_components/swin-factorizer_layer9_componen
t3_BraTS_217.pdf  used on input line 907.
(pdftex.def)             Requested size: 72.47403pt x 82.00844pt.
<figures/nmf_components/global-factorizer_layer9_component1_BraTS_217.pdf, id=6
25, 236.05063pt x 267.10992pt>
File: figures/nmf_components/global-factorizer_layer9_component1_BraTS_217.pdf 
Graphic file (type pdf)
<use figures/nmf_components/global-factorizer_layer9_component1_BraTS_217.pdf>
Package pdftex.def Info: figures/nmf_components/global-factorizer_layer9_compon
ent1_BraTS_217.pdf  used on input line 911.
(pdftex.def)             Requested size: 72.47403pt x 82.00844pt.
<figures/nmf_components/swin-factorizer_layer9_component0_BraTS_217.pdf, id=626
, 236.05063pt x 267.10992pt>
File: figures/nmf_components/swin-factorizer_layer9_component0_BraTS_217.pdf Gr
aphic file (type pdf)
<use figures/nmf_components/swin-factorizer_layer9_component0_BraTS_217.pdf>
Package pdftex.def Info: figures/nmf_components/swin-factorizer_layer9_componen
t0_BraTS_217.pdf  used on input line 916.
(pdftex.def)             Requested size: 72.47403pt x 82.00844pt.
<figures/nmf_components/global-factorizer_layer9_component0_BraTS_217.pdf, id=6
27, 236.05063pt x 267.10992pt>
File: figures/nmf_components/global-factorizer_layer9_component0_BraTS_217.pdf 
Graphic file (type pdf)
<use figures/nmf_components/global-factorizer_layer9_component0_BraTS_217.pdf>
Package pdftex.def Info: figures/nmf_components/global-factorizer_layer9_compon
ent0_BraTS_217.pdf  used on input line 922.
(pdftex.def)             Requested size: 72.47403pt x 82.00844pt.

Overfull \hbox (37.99307pt too wide) in paragraph at lines 816--930
 [][] 
 []

[15 <./figures/dice_vs_params.pdf> <./figures/dice_vs_flops.pdf

pdfTeX warning: /Library/TeX/texbin/pdflatex (file ./figures/dice_vs_flops.pdf)
: PDF inclusion: multiple pdfs with page group included in a single page
>] [16 <./figures/qualitative_results/gt_BraTS_451.pdf> <./figures/qualitative_
results/swin-factorizer_pred_BraTS_451.pdf

pdfTeX warning: /Library/TeX/texbin/pdflatex (file ./figures/qualitative_result
s/swin-factorizer_pred_BraTS_451.pdf): PDF inclusion: multiple pdfs with page g
roup included in a single page
> <./figures/qualitative_results/global-factorizer_pred_BraTS_451.pdf

pdfTeX warning: /Library/TeX/texbin/pdflatex (file ./figures/qualitative_result
s/global-factorizer_pred_BraTS_451.pdf): PDF inclusion: multiple pdfs with page
 group included in a single page
> <./figures/qualitative_results/global-performer_pred_BraTS_451.pdf

pdfTeX warning: /Library/TeX/texbin/pdflatex (file ./figures/qualitative_result
s/global-performer_pred_BraTS_451.pdf): PDF inclusion: multiple pdfs with page 
group included in a single page
> <./figures/qualitative_results/resunet_pred_BraTS_451.pdf

pdfTeX warning: /Library/TeX/texbin/pdflatex (file ./figures/qualitative_result
s/resunet_pred_BraTS_451.pdf): PDF inclusion: multiple pdfs with page group inc
luded in a single page
> <./figures/qualitative_results/unet_pred_BraTS_451.pdf

pdfTeX warning: /Library/TeX/texbin/pdflatex (file ./figures/qualitative_result
s/unet_pred_BraTS_451.pdf): PDF inclusion: multiple pdfs with page group includ
ed in a single page
> <./figures/qualitative_results/gt_BraTS_481.pdf

pdfTeX warning: /Library/TeX/texbin/pdflatex (file ./figures/qualitative_result
s/gt_BraTS_481.pdf): PDF inclusion: multiple pdfs with page group included in a
 single page
> <./figures/qualitative_results/swin-factorizer_pred_BraTS_481.pdf

pdfTeX warning: /Library/TeX/texbin/pdflatex (file ./figures/qualitative_result
s/swin-factorizer_pred_BraTS_481.pdf): PDF inclusion: multiple pdfs with page g
roup included in a single page
> <./figures/qualitative_results/global-factorizer_pred_BraTS_481.pdf

pdfTeX warning: /Library/TeX/texbin/pdflatex (file ./figures/qualitative_result
s/global-factorizer_pred_BraTS_481.pdf): PDF inclusion: multiple pdfs with page
 group included in a single page
> <./figures/qualitative_results/global-performer_pred_BraTS_481.pdf

pdfTeX warning: /Library/TeX/texbin/pdflatex (file ./figures/qualitative_result
s/global-performer_pred_BraTS_481.pdf): PDF inclusion: multiple pdfs with page 
group included in a single page
> <./figures/qualitative_results/resunet_pred_BraTS_481.pdf

pdfTeX warning: /Library/TeX/texbin/pdflatex (file ./figures/qualitative_result
s/resunet_pred_BraTS_481.pdf): PDF inclusion: multiple pdfs with page group inc
luded in a single page
> <./figures/qualitative_results/unet_pred_BraTS_481.pdf

pdfTeX warning: /Library/TeX/texbin/pdflatex (file ./figures/qualitative_result
s/unet_pred_BraTS_481.pdf): PDF inclusion: multiple pdfs with page group includ
ed in a single page
> <./figures/qualitative_results/gt_BraTS_103.pdf

pdfTeX warning: /Library/TeX/texbin/pdflatex (file ./figures/qualitative_result
s/gt_BraTS_103.pdf): PDF inclusion: multiple pdfs with page group included in a
 single page
> <./figures/qualitative_results/swin-factorizer_pred_BraTS_103.pdf

pdfTeX warning: /Library/TeX/texbin/pdflatex (file ./figures/qualitative_result
s/swin-factorizer_pred_BraTS_103.pdf): PDF inclusion: multiple pdfs with page g
roup included in a single page
> <./figures/qualitative_results/global-factorizer_pred_BraTS_103.pdf

pdfTeX warning: /Library/TeX/texbin/pdflatex (file ./figures/qualitative_result
s/global-factorizer_pred_BraTS_103.pdf): PDF inclusion: multiple pdfs with page
 group included in a single page
> <./figures/qualitative_results/global-performer_pred_BraTS_103.pdf

pdfTeX warning: /Library/TeX/texbin/pdflatex (file ./figures/qualitative_result
s/global-performer_pred_BraTS_103.pdf): PDF inclusion: multiple pdfs with page 
group included in a single page
> <./figures/qualitative_results/resunet_pred_BraTS_103.pdf

pdfTeX warning: /Library/TeX/texbin/pdflatex (file ./figures/qualitative_result
s/resunet_pred_BraTS_103.pdf): PDF inclusion: multiple pdfs with page group inc
luded in a single page
> <./figures/qualitative_results/unet_pred_BraTS_103.pdf

pdfTeX warning: /Library/TeX/texbin/pdflatex (file ./figures/qualitative_result
s/unet_pred_BraTS_103.pdf): PDF inclusion: multiple pdfs with page group includ
ed in a single page
> <./figures/qualitative_results/gt_BraTS_038.pdf

pdfTeX warning: /Library/TeX/texbin/pdflatex (file ./figures/qualitative_result
s/gt_BraTS_038.pdf): PDF inclusion: multiple pdfs with page group included in a
 single page
> <./figures/qualitative_results/swin-factorizer_pred_BraTS_038.pdf

pdfTeX warning: /Library/TeX/texbin/pdflatex (file ./figures/qualitative_result
s/swin-factorizer_pred_BraTS_038.pdf): PDF inclusion: multiple pdfs with page g
roup included in a single page
> <./figures/qualitative_results/global-factorizer_pred_BraTS_038.pdf

pdfTeX warning: /Library/TeX/texbin/pdflatex (file ./figures/qualitative_result
s/global-factorizer_pred_BraTS_038.pdf): PDF inclusion: multiple pdfs with page
 group included in a single page
> <./figures/qualitative_results/global-performer_pred_BraTS_038.pdf

pdfTeX warning: /Library/TeX/texbin/pdflatex (file ./figures/qualitative_result
s/global-performer_pred_BraTS_038.pdf): PDF inclusion: multiple pdfs with page 
group included in a single page
> <./figures/qualitative_results/resunet_pred_BraTS_038.pdf

pdfTeX warning: /Library/TeX/texbin/pdflatex (file ./figures/qualitative_result
s/resunet_pred_BraTS_038.pdf): PDF inclusion: multiple pdfs with page group inc
luded in a single page
> <./figures/qualitative_results/unet_pred_BraTS_038.pdf

pdfTeX warning: /Library/TeX/texbin/pdflatex (file ./figures/qualitative_result
s/unet_pred_BraTS_038.pdf): PDF inclusion: multiple pdfs with page group includ
ed in a single page
>]
Overfull \hbox (9.89012pt too wide) in paragraph at lines 973--973
 []|[]| 
 []


Overfull \hbox (1.4986pt too wide) in paragraph at lines 973--973
 []|\OT1/cmr/m/n/12 Avg.| 
 []


Overfull \hbox (1.4986pt too wide) in paragraph at lines 973--973
 []|\OT1/cmr/m/n/12 Avg.| 
 []


Overfull \hbox (4.11385pt too wide) in paragraph at lines 973--973
 []|\OT1/cmr/m/n/12 77.02| 
 []


Overfull \hbox (4.11385pt too wide) in paragraph at lines 973--973
 []|\OT1/cmr/m/n/12 80.89| 
 []


Overfull \hbox (4.11385pt too wide) in paragraph at lines 973--973
 []|\OT1/cmr/m/n/12 81.76| 
 []


Overfull \hbox (4.11385pt too wide) in paragraph at lines 973--973
 []|\OT1/cmr/m/n/12 77.51| 
 []


Overfull \hbox (4.11385pt too wide) in paragraph at lines 973--973
 []|\OT1/cmr/m/n/12 80.78| 
 []


Overfull \hbox (4.11385pt too wide) in paragraph at lines 973--973
 []|\OT1/cmr/m/n/12 82.05| 
 []


Overfull \hbox (4.11385pt too wide) in paragraph at lines 973--973
 []|\OT1/cmr/m/n/12 11.24| 
 []


Overfull \hbox (4.11385pt too wide) in paragraph at lines 973--973
 []|\OT1/cmr/m/n/12 12.33| 
 []


Overfull \hbox (4.11385pt too wide) in paragraph at lines 973--973
 []|\OT1/cmr/m/n/12 77.79| 
 []


Overfull \hbox (4.11385pt too wide) in paragraph at lines 973--973
 []|\OT1/cmr/m/n/12 81.67| 
 []


Overfull \hbox (4.11385pt too wide) in paragraph at lines 973--973
 []|\OT1/cmr/m/n/12 82.67| 
 []


Overfull \hbox (4.11385pt too wide) in paragraph at lines 973--973
 []|\OT1/cmr/m/n/12 78.60| 
 []


Overfull \hbox (4.11385pt too wide) in paragraph at lines 973--973
 []|\OT1/cmr/m/n/12 82.61| 
 []


Overfull \hbox (4.11385pt too wide) in paragraph at lines 973--973
 []|\OT1/cmr/m/n/12 83.57| 
 []


Overfull \hbox (4.11385pt too wide) in paragraph at lines 973--973
 []|\OT1/cmr/m/n/12 79.33| 
 []


Overfull \hbox (4.11385pt too wide) in paragraph at lines 973--973
 []|\OT1/cmr/m/n/12 83.14| 
 []


Overfull \hbox (4.11385pt too wide) in paragraph at lines 973--973
 []|\OT1/cmr/m/n/12 90.16| 
 []

[17 <./figures/nmf_components/gt_BraTS_217.pdf> <./figures/nmf_components/t1_Br
aTS_217.pdf

pdfTeX warning: /Library/TeX/texbin/pdflatex (file ./figures/nmf_components/t1_
BraTS_217.pdf): PDF inclusion: multiple pdfs with page group included in a sing
le page
> <./figures/nmf_components/t1gd_BraTS_217.pdf

pdfTeX warning: /Library/TeX/texbin/pdflatex (file ./figures/nmf_components/t1g
d_BraTS_217.pdf): PDF inclusion: multiple pdfs with page group included in a si
ngle page
> <./figures/nmf_components/t2_BraTS_217.pdf

pdfTeX warning: /Library/TeX/texbin/pdflatex (file ./figures/nmf_components/t2_
BraTS_217.pdf): PDF inclusion: multiple pdfs with page group included in a sing
le page
> <./figures/nmf_components/swin-factorizer_layer1_component2_BraTS_217.pdf

pdfTeX warning: /Library/TeX/texbin/pdflatex (file ./figures/nmf_components/swi
n-factorizer_layer1_component2_BraTS_217.pdf): PDF inclusion: multiple pdfs wit
h page group included in a single page
> <./figures/nmf_components/global-factorizer_layer1_component3_BraTS_217.pdf

pdfTeX warning: /Library/TeX/texbin/pdflatex (file ./figures/nmf_components/glo
bal-factorizer_layer1_component3_BraTS_217.pdf): PDF inclusion: multiple pdfs w
ith page group included in a single page
> <./figures/nmf_components/swin-factorizer_layer1_component0_BraTS_217.pdf

pdfTeX warning: /Library/TeX/texbin/pdflatex (file ./figures/nmf_components/swi
n-factorizer_layer1_component0_BraTS_217.pdf): PDF inclusion: multiple pdfs wit
h page group included in a single page
> <./figures/nmf_components/global-factorizer_layer1_component1_BraTS_217.pdf

pdfTeX warning: /Library/TeX/texbin/pdflatex (file ./figures/nmf_components/glo
bal-factorizer_layer1_component1_BraTS_217.pdf): PDF inclusion: multiple pdfs w
ith page group included in a single page
> <./figures/nmf_components/swin-factorizer_layer1_component1_BraTS_217.pdf

pdfTeX warning: /Library/TeX/texbin/pdflatex (file ./figures/nmf_components/swi
n-factorizer_layer1_component1_BraTS_217.pdf): PDF inclusion: multiple pdfs wit
h page group included in a single page
> <./figures/nmf_components/global-factorizer_layer1_component0_BraTS_217.pdf

pdfTeX warning: /Library/TeX/texbin/pdflatex (file ./figures/nmf_components/glo
bal-factorizer_layer1_component0_BraTS_217.pdf): PDF inclusion: multiple pdfs w
ith page group included in a single page
> <./figures/nmf_components/swin-factorizer_layer1_component3_BraTS_217.pdf

pdfTeX warning: /Library/TeX/texbin/pdflatex (file ./figures/nmf_components/swi
n-factorizer_layer1_component3_BraTS_217.pdf): PDF inclusion: multiple pdfs wit
h page group included in a single page
> <./figures/nmf_components/global-factorizer_layer1_component2_BraTS_217.pdf

pdfTeX warning: /Library/TeX/texbin/pdflatex (file ./figures/nmf_components/glo
bal-factorizer_layer1_component2_BraTS_217.pdf): PDF inclusion: multiple pdfs w
ith page group included in a single page
> <./figures/nmf_components/swin-factorizer_layer9_component1_BraTS_217.pdf

pdfTeX warning: /Library/TeX/texbin/pdflatex (file ./figures/nmf_components/swi
n-factorizer_layer9_component1_BraTS_217.pdf): PDF inclusion: multiple pdfs wit
h page group included in a single page
> <./figures/nmf_components/global-factorizer_layer9_component3_BraTS_217.pdf

pdfTeX warning: /Library/TeX/texbin/pdflatex (file ./figures/nmf_components/glo
bal-factorizer_layer9_component3_BraTS_217.pdf): PDF inclusion: multiple pdfs w
ith page group included in a single page
> <./figures/nmf_components/swin-factorizer_layer9_component2_BraTS_217.pdf

pdfTeX warning: /Library/TeX/texbin/pdflatex (file ./figures/nmf_components/swi
n-factorizer_layer9_component2_BraTS_217.pdf): PDF inclusion: multiple pdfs wit
h page group included in a single page
> <./figures/nmf_components/global-factorizer_layer9_component2_BraTS_217.pdf

pdfTeX warning: /Library/TeX/texbin/pdflatex (file ./figures/nmf_components/glo
bal-factorizer_layer9_component2_BraTS_217.pdf): PDF inclusion: multiple pdfs w
ith page group included in a single page
> <./figures/nmf_components/swin-factorizer_layer9_component3_BraTS_217.pdf

pdfTeX warning: /Library/TeX/texbin/pdflatex (file ./figures/nmf_components/swi
n-factorizer_layer9_component3_BraTS_217.pdf): PDF inclusion: multiple pdfs wit
h page group included in a single page
> <./figures/nmf_components/global-factorizer_layer9_component1_BraTS_217.pdf

pdfTeX warning: /Library/TeX/texbin/pdflatex (file ./figures/nmf_components/glo
bal-factorizer_layer9_component1_BraTS_217.pdf): PDF inclusion: multiple pdfs w
ith page group included in a single page
> <./figures/nmf_components/swin-factorizer_layer9_component0_BraTS_217.pdf

pdfTeX warning: /Library/TeX/texbin/pdflatex (file ./figures/nmf_components/swi
n-factorizer_layer9_component0_BraTS_217.pdf): PDF inclusion: multiple pdfs wit
h page group included in a single page
> <./figures/nmf_components/global-factorizer_layer9_component0_BraTS_217.pdf

pdfTeX warning: /Library/TeX/texbin/pdflatex (file ./figures/nmf_components/glo
bal-factorizer_layer9_component0_BraTS_217.pdf): PDF inclusion: multiple pdfs w
ith page group included in a single page
>]
Overfull \hbox (3.789pt too wide) in paragraph at lines 1016--1016
 []|\OT1/cmr/bx/n/12 83.24$[]$| 
 []

[18]
<figures/dice_vs_keeptill_swin-factorizer.pdf, id=884, 386.36221pt x 265.12738p
t>
File: figures/dice_vs_keeptill_swin-factorizer.pdf Graphic file (type pdf)
<use figures/dice_vs_keeptill_swin-factorizer.pdf>
Package pdftex.def Info: figures/dice_vs_keeptill_swin-factorizer.pdf  used on 
input line 1031.
(pdftex.def)             Requested size: 215.15906pt x 147.64502pt.
<figures/dice_vs_rm_swin-factorizer.pdf, id=885, 386.36221pt x 265.12738pt>
File: figures/dice_vs_rm_swin-factorizer.pdf Graphic file (type pdf)
<use figures/dice_vs_rm_swin-factorizer.pdf>
Package pdftex.def Info: figures/dice_vs_rm_swin-factorizer.pdf  used on input 
line 1037.
(pdftex.def)             Requested size: 215.15906pt x 147.64502pt.
<figures/dice_vs_iters_swin-factorizer.pdf, id=886, 386.36221pt x 268.93849pt>
File: figures/dice_vs_iters_swin-factorizer.pdf Graphic file (type pdf)
<use figures/dice_vs_iters_swin-factorizer.pdf>
Package pdftex.def Info: figures/dice_vs_iters_swin-factorizer.pdf  used on inp
ut line 1044.
(pdftex.def)             Requested size: 215.15906pt x 149.76738pt.
<figures/dice_vs_rank_swin-factorizer.pdf, id=887, 386.36221pt x 265.12738pt>
File: figures/dice_vs_rank_swin-factorizer.pdf Graphic file (type pdf)
<use figures/dice_vs_rank_swin-factorizer.pdf>
Package pdftex.def Info: figures/dice_vs_rank_swin-factorizer.pdf  used on inpu
t line 1050.
(pdftex.def)             Requested size: 215.15906pt x 147.64502pt.
 [19 <./figures/dice_vs_keeptill_swin-factorizer.pdf> <./figures/dice_vs_rm_swi
n-factorizer.pdf

pdfTeX warning: /Library/TeX/texbin/pdflatex (file ./figures/dice_vs_rm_swin-fa
ctorizer.pdf): PDF inclusion: multiple pdfs with page group included in a singl
e page
> <./figures/dice_vs_iters_swin-factorizer.pdf

pdfTeX warning: /Library/TeX/texbin/pdflatex (file ./figures/dice_vs_iters_swin
-factorizer.pdf): PDF inclusion: multiple pdfs with page group included in a si
ngle page
> <./figures/dice_vs_rank_swin-factorizer.pdf

pdfTeX warning: /Library/TeX/texbin/pdflatex (file ./figures/dice_vs_rank_swin-
factorizer.pdf): PDF inclusion: multiple pdfs with page group included in a sin
gle page
>] [20] [21] (./_minted-main/default-pyg-prefix.pygstyle)
(./_minted-main/VS.pygstyle)
(./_minted-main/23EFDC03713DAC8316277044DA7CCB01C8F8268F198D3254CA64C8C3D7AF8FD
A.pygtex
LaTeX Font Info:    Font shape `OT1/cmtt/bx/n' in size <10> not available
(Font)              Font shape `OT1/cmtt/m/n' tried instead on input line 2.
) [22] [23] (./main.bbl [24

] [25] [26]) [27]
Package atveryend Info: Empty hook `BeforeClearDocument' on input line 1125.
Package atveryend Info: Empty hook `AfterLastShipout' on input line 1125.
 (./main.aux)
Package atveryend Info: Executing hook `AtVeryEndDocument' on input line 1125.
Package atveryend Info: Executing hook `AtEndAfterFileList' on input line 1125.

Package rerunfilecheck Info: File `main.out' has not changed.
(rerunfilecheck)             Checksum: 84A746B568E066E7DB32FD2C9DC5844E;1432.
Package atveryend Info: Empty hook `AtVeryVeryEnd' on input line 1125.
 ) 
Here is how much of TeX's memory you used:
 34577 strings out of 480608
 806334 string characters out of 5903629
 1255873 words of memory out of 5000000
 49577 multiletter control sequences out of 15000+600000
 555062 words of font info for 104 fonts, out of 8000000 for 9000
 1141 hyphenation exceptions out of 8191
 69i,19n,119p,2078b,1040s stack positions out of 5000i,500n,10000p,200000b,80000s
{/usr/local/texlive/2020/texmf-dist/fonts/enc/dvips/base/8r.enc}{/usr/local/t
exlive/2020/texmf-dist/fonts/enc/dvips/cm-super/cm-super-ts1.enc}</usr/local/te
xlive/2020/texmf-dist/fonts/type1/public/amsfonts/cm/cmbsy10.pfb></usr/local/te
xlive/2020/texmf-dist/fonts/type1/public/amsfonts/cm/cmbx10.pfb></usr/local/tex
live/2020/texmf-dist/fonts/type1/public/amsfonts/cm/cmbx12.pfb></usr/local/texl
ive/2020/texmf-dist/fonts/type1/public/amsfonts/cm/cmbx8.pfb></usr/local/texliv
e/2020/texmf-dist/fonts/type1/public/amsfonts/cm/cmex10.pfb></usr/local/texlive
/2020/texmf-dist/fonts/type1/public/amsfonts/cm/cmitt10.pfb></usr/local/texlive
/2020/texmf-dist/fonts/type1/public/amsfonts/cm/cmmi10.pfb></usr/local/texlive/
2020/texmf-dist/fonts/type1/public/amsfonts/cm/cmmi12.pfb></usr/local/texlive/2
020/texmf-dist/fonts/type1/public/amsfonts/cm/cmmi6.pfb></usr/local/texlive/202
0/texmf-dist/fonts/type1/public/amsfonts/cm/cmmi8.pfb></usr/local/texlive/2020/
texmf-dist/fonts/type1/public/amsfonts/cm/cmmib10.pfb></usr/local/texlive/2020/
texmf-dist/fonts/type1/public/amsfonts/cm/cmr10.pfb></usr/local/texlive/2020/te
xmf-dist/fonts/type1/public/amsfonts/cm/cmr12.pfb></usr/local/texlive/2020/texm
f-dist/fonts/type1/public/amsfonts/cm/cmr6.pfb></usr/local/texlive/2020/texmf-d
ist/fonts/type1/public/amsfonts/cm/cmr8.pfb></usr/local/texlive/2020/texmf-dist
/fonts/type1/public/amsfonts/cm/cmsy10.pfb></usr/local/texlive/2020/texmf-dist/
fonts/type1/public/amsfonts/cm/cmsy6.pfb></usr/local/texlive/2020/texmf-dist/fo
nts/type1/public/amsfonts/cm/cmsy8.pfb></usr/local/texlive/2020/texmf-dist/font
s/type1/public/amsfonts/cm/cmti10.pfb></usr/local/texlive/2020/texmf-dist/fonts
/type1/public/amsfonts/cm/cmti12.pfb></usr/local/texlive/2020/texmf-dist/fonts/
type1/public/amsfonts/cm/cmtt10.pfb></usr/local/texlive/2020/texmf-dist/fonts/t
ype1/public/amsfonts/cm/cmtt12.pfb></usr/local/texlive/2020/texmf-dist/fonts/ty
pe1/public/amsfonts/symbols/msbm10.pfb></usr/local/texlive/2020/texmf-dist/font
s/type1/public/cm-super/sfrm0700.pfb></usr/local/texlive/2020/texmf-dist/fonts/
type1/public/cm-super/sfrm0800.pfb></usr/local/texlive/2020/texmf-dist/fonts/ty
pe1/public/cm-super/sfrm1200.pfb></usr/local/texlive/2020/texmf-dist/fonts/type
1/urw/helvetic/uhvb8a.pfb></usr/local/texlive/2020/texmf-dist/fonts/type1/urw/z
apfding/uzdr.pfb>
Output written on main.pdf (27 pages, 2395283 bytes).
PDF statistics:
 1234 PDF objects out of 1440 (max. 8388607)
 730 compressed objects within 8 object streams
 151 named destinations out of 1000 (max. 500000)
 494 words of extra memory for PDF output out of 10000 (max. 10000000)

