\BOOKMARK [1][-]{section.1}{Introduction}{}% 1
\BOOKMARK [1][-]{section.2}{Related Work}{}% 2
\BOOKMARK [1][-]{section.3}{Method}{}% 3
\BOOKMARK [2][-]{subsection.3.1}{Revisit Attention}{section.3}% 4
\BOOKMARK [2][-]{subsection.3.2}{Low-Rank Matrix Factorization}{section.3}% 5
\BOOKMARK [2][-]{subsection.3.3}{Overall Architecture}{section.3}% 6
\BOOKMARK [2][-]{subsection.3.4}{Factorizer Block}{section.3}% 7
\BOOKMARK [2][-]{subsection.3.5}{Wrapped NMF Module}{section.3}% 8
\BOOKMARK [3][-]{subsubsection.3.5.1}{Matricize}{subsection.3.5}% 9
\BOOKMARK [3][-]{subsubsection.3.5.2}{Nonnegative Matrix Factorization}{subsection.3.5}% 10
\BOOKMARK [1][-]{section.4}{Experiments}{}% 11
\BOOKMARK [2][-]{subsection.4.1}{dataset.}{section.4}% 12
\BOOKMARK [2][-]{subsection.4.2}{Setup}{section.4}% 13
\BOOKMARK [2][-]{subsection.4.3}{Results}{section.4}% 14
\BOOKMARK [2][-]{subsection.4.4}{NMF Components Interpretability}{section.4}% 15
\BOOKMARK [2][-]{subsection.4.5}{Ablation Studies}{section.4}% 16
\BOOKMARK [2][-]{subsection.4.6}{Ablation Studies in Training}{section.4}% 17
\BOOKMARK [2][-]{subsection.4.7}{Ablation Studies in Inference}{section.4}% 18
\BOOKMARK [1][-]{section.5}{discussion}{}% 19
\BOOKMARK [1][-]{section.6}{Future Work}{}% 20
\BOOKMARK [1][-]{section.7}{Conclusion}{}% 21
\BOOKMARK [1][-]{appendix.A}{Data Augmentation Pipeline}{}% 22
\BOOKMARK [1][-]{appendix.B}{Matricize Implementation Details}{}% 23
